TN:
SF:src/backend/db.js
FNF:0
FNH:0
DA:3,2
DA:5,2
LF:2
LH:2
BRF:0
BRH:0
end_of_record
TN:
SF:src/backend/server.js
FN:23,handleError
FN:29,withTransaction
FN:45,queryOne
FN:56,queryMany
FN:66,mutateOne
FN:77,withClient
FN:90,getZipCode
FN:105,(anonymous_7)
FN:111,(anonymous_8)
FN:119,(anonymous_9)
FN:127,(anonymous_10)
FN:129,(anonymous_11)
FN:138,createUser
FN:147,(anonymous_13)
FN:165,(anonymous_14)
FN:178,(anonymous_15)
FN:184,(anonymous_16)
FN:199,(anonymous_17)
FN:203,(anonymous_18)
FN:214,(anonymous_19)
FN:226,(anonymous_20)
FN:237,(anonymous_21)
FN:250,(anonymous_22)
FN:277,(anonymous_23)
FN:288,(anonymous_24)
FN:303,(anonymous_25)
FN:306,(anonymous_26)
FN:321,(anonymous_27)
FN:325,(anonymous_28)
FN:336,(anonymous_29)
FN:347,(anonymous_30)
FN:358,(anonymous_31)
FN:373,(anonymous_32)
FN:386,(anonymous_33)
FN:396,(anonymous_34)
FN:421,(anonymous_35)
FN:444,(anonymous_36)
FN:452,(anonymous_37)
FN:458,(anonymous_38)
FN:472,(anonymous_39)
FN:483,(anonymous_40)
FN:493,(anonymous_41)
FN:505,(anonymous_42)
FN:528,(anonymous_43)
FN:543,(anonymous_44)
FN:547,(anonymous_45)
FN:564,(anonymous_46)
FN:568,(anonymous_47)
FN:574,(anonymous_48)
FN:594,(anonymous_49)
FN:602,(anonymous_50)
FN:615,(anonymous_51)
FN:627,(anonymous_52)
FN:628,(anonymous_53)
FN:641,(anonymous_54)
FN:642,(anonymous_55)
FN:655,(anonymous_56)
FN:668,(anonymous_57)
FN:683,(anonymous_58)
FN:725,(anonymous_59)
FN:733,(anonymous_60)
FN:746,(anonymous_61)
FN:747,(anonymous_62)
FN:764,(anonymous_63)
FN:773,(anonymous_64)
FN:779,(anonymous_65)
FN:780,(anonymous_66)
FN:785,(anonymous_67)
FN:799,(anonymous_68)
FN:803,(anonymous_69)
FN:804,(anonymous_70)
FN:816,(anonymous_71)
FN:828,(anonymous_72)
FN:843,(anonymous_73)
FN:844,(anonymous_74)
FNF:75
FNH:75
FNDA:66,handleError
FNDA:44,withTransaction
FNDA:9,queryOne
FNDA:39,queryMany
FNDA:29,mutateOne
FNDA:9,withClient
FNDA:8,getZipCode
FNDA:1,(anonymous_7)
FNDA:1,(anonymous_8)
FNDA:3,(anonymous_9)
FNDA:2,(anonymous_10)
FNDA:3,(anonymous_11)
FNDA:42,createUser
FNDA:5,(anonymous_13)
FNDA:7,(anonymous_14)
FNDA:20,(anonymous_15)
FNDA:17,(anonymous_16)
FNDA:4,(anonymous_17)
FNDA:2,(anonymous_18)
FNDA:2,(anonymous_19)
FNDA:3,(anonymous_20)
FNDA:2,(anonymous_21)
FNDA:2,(anonymous_22)
FNDA:3,(anonymous_23)
FNDA:2,(anonymous_24)
FNDA:26,(anonymous_25)
FNDA:25,(anonymous_26)
FNDA:4,(anonymous_27)
FNDA:3,(anonymous_28)
FNDA:3,(anonymous_29)
FNDA:3,(anonymous_30)
FNDA:4,(anonymous_31)
FNDA:2,(anonymous_32)
FNDA:3,(anonymous_33)
FNDA:2,(anonymous_34)
FNDA:9,(anonymous_35)
FNDA:6,(anonymous_36)
FNDA:4,(anonymous_37)
FNDA:4,(anonymous_38)
FNDA:3,(anonymous_39)
FNDA:4,(anonymous_40)
FNDA:2,(anonymous_41)
FNDA:24,(anonymous_42)
FNDA:7,(anonymous_43)
FNDA:3,(anonymous_44)
FNDA:4,(anonymous_45)
FNDA:13,(anonymous_46)
FNDA:5,(anonymous_47)
FNDA:12,(anonymous_48)
FNDA:5,(anonymous_49)
FNDA:2,(anonymous_50)
FNDA:8,(anonymous_51)
FNDA:2,(anonymous_52)
FNDA:2,(anonymous_53)
FNDA:2,(anonymous_54)
FNDA:2,(anonymous_55)
FNDA:2,(anonymous_56)
FNDA:3,(anonymous_57)
FNDA:5,(anonymous_58)
FNDA:3,(anonymous_59)
FNDA:2,(anonymous_60)
FNDA:3,(anonymous_61)
FNDA:3,(anonymous_62)
FNDA:2,(anonymous_63)
FNDA:2,(anonymous_64)
FNDA:4,(anonymous_65)
FNDA:4,(anonymous_66)
FNDA:2,(anonymous_67)
FNDA:5,(anonymous_68)
FNDA:2,(anonymous_69)
FNDA:2,(anonymous_70)
FNDA:5,(anonymous_71)
FNDA:3,(anonymous_72)
FNDA:1,(anonymous_73)
FNDA:1,(anonymous_74)
DA:12,3
DA:14,3
DA:15,3
DA:17,3
DA:18,3
DA:19,3
DA:24,66
DA:25,66
DA:26,66
DA:30,44
DA:31,44
DA:32,44
DA:33,42
DA:34,37
DA:35,37
DA:37,7
DA:38,7
DA:40,44
DA:46,9
DA:47,9
DA:48,5
DA:49,3
DA:51,4
DA:57,39
DA:58,39
DA:59,22
DA:61,17
DA:67,29
DA:68,29
DA:69,24
DA:70,16
DA:72,5
DA:78,9
DA:79,9
DA:80,9
DA:81,5
DA:83,4
DA:85,9
DA:91,8
DA:92,8
DA:93,6
DA:94,4
DA:95,2
DA:97,2
DA:103,3
DA:106,1
DA:107,1
DA:108,1
DA:109,1
DA:111,1
DA:116,3
DA:119,3
DA:124,3
DA:127,2
DA:130,3
DA:131,1
DA:139,42
DA:140,42
DA:144,38
DA:147,3
DA:148,5
DA:149,5
DA:150,5
DA:154,4
DA:155,3
DA:157,1
DA:158,1
DA:159,1
DA:161,1
DA:165,3
DA:166,7
DA:167,7
DA:168,7
DA:169,5
DA:170,3
DA:172,2
DA:178,3
DA:179,20
DA:180,20
DA:181,2
DA:183,18
DA:184,18
DA:185,17
DA:186,15
DA:190,15
DA:192,15
DA:194,3
DA:195,1
DA:199,3
DA:200,4
DA:203,3
DA:204,2
DA:214,3
DA:215,2
DA:226,3
DA:227,3
DA:237,3
DA:238,2
DA:239,2
DA:240,2
DA:244,1
DA:246,1
DA:250,3
DA:251,2
DA:277,3
DA:278,3
DA:288,3
DA:289,2
DA:290,2
DA:291,2
DA:295,1
DA:297,1
DA:303,3
DA:304,26
DA:305,26
DA:306,26
DA:307,25
DA:308,23
DA:312,22
DA:314,22
DA:316,4
DA:317,2
DA:321,3
DA:322,4
DA:325,3
DA:326,3
DA:327,3
DA:328,3
DA:329,1
DA:330,1
DA:332,2
DA:336,3
DA:337,3
DA:338,3
DA:339,3
DA:340,2
DA:341,1
DA:343,1
DA:347,3
DA:348,3
DA:349,3
DA:350,3
DA:351,2
DA:352,1
DA:354,1
DA:358,3
DA:359,4
DA:360,4
DA:361,4
DA:362,3
DA:366,2
DA:367,1
DA:369,1
DA:373,3
DA:374,2
DA:375,2
DA:376,2
DA:380,1
DA:382,1
DA:386,3
DA:387,3
DA:388,3
DA:389,2
DA:390,1
DA:392,1
DA:396,3
DA:397,2
DA:421,3
DA:422,9
DA:423,9
DA:424,9
DA:433,9
DA:434,9
DA:435,9
DA:436,9
DA:437,7
DA:439,2
DA:444,3
DA:445,6
DA:452,3
DA:453,4
DA:458,3
DA:459,4
DA:460,4
DA:461,4
DA:462,2
DA:463,1
DA:465,2
DA:466,1
DA:468,2
DA:472,3
DA:473,3
DA:474,3
DA:475,3
DA:476,2
DA:477,1
DA:479,1
DA:483,3
DA:484,4
DA:485,4
DA:486,4
DA:487,1
DA:489,3
DA:493,3
DA:494,2
DA:495,2
DA:496,2
DA:497,2
DA:499,1
DA:505,3
DA:506,24
DA:507,24
DA:508,2
DA:510,22
DA:511,1
DA:513,21
DA:514,21
DA:515,21
DA:520,20
DA:522,1
DA:524,21
DA:528,3
DA:529,7
DA:530,7
DA:531,7
DA:536,4
DA:537,2
DA:539,3
DA:543,3
DA:544,3
DA:547,3
DA:548,4
DA:564,3
DA:565,13
DA:568,3
DA:569,5
DA:574,3
DA:575,12
DA:576,12
DA:577,12
DA:578,12
DA:579,11
DA:580,9
DA:581,2
DA:583,7
DA:587,5
DA:589,3
DA:590,1
DA:594,3
DA:595,5
DA:602,3
DA:603,2
DA:615,3
DA:616,8
DA:617,8
DA:621,6
DA:623,2
DA:627,3
DA:628,2
DA:629,2
DA:630,2
DA:641,3
DA:642,2
DA:643,2
DA:644,2
DA:645,1
DA:646,2
DA:647,2
DA:655,3
DA:656,2
DA:668,3
DA:669,3
DA:670,3
DA:677,2
DA:679,1
DA:683,3
DA:684,5
DA:685,5
DA:686,5
DA:687,5
DA:689,5
DA:690,0
DA:693,5
DA:702,4
DA:703,1
DA:706,3
DA:707,3
DA:708,1
DA:711,2
DA:715,1
DA:717,2
DA:718,1
DA:719,1
DA:721,5
DA:725,3
DA:726,3
DA:733,3
DA:734,2
DA:746,3
DA:747,3
DA:748,3
DA:749,3
DA:750,2
DA:751,2
DA:754,2
DA:755,0
DA:764,3
DA:765,2
DA:773,3
DA:774,2
DA:779,3
DA:780,4
DA:781,4
DA:782,3
DA:783,2
DA:786,2
DA:787,2
DA:788,2
DA:789,2
DA:793,1
DA:795,1
DA:799,3
DA:800,5
DA:803,3
DA:804,2
DA:805,2
DA:806,2
DA:807,1
DA:808,2
DA:816,3
DA:817,5
DA:828,3
DA:829,3
DA:830,3
DA:832,3
DA:833,1
DA:836,2
DA:837,2
DA:839,2
DA:840,1
DA:843,1
DA:844,1
DA:846,1
DA:848,0
DA:849,0
LF:345
LH:341
BRDA:25,0,0,0
BRDA:25,0,1,66
BRDA:45,1,0,9
BRDA:48,2,0,2
BRDA:48,2,1,3
BRDA:56,3,0,39
BRDA:66,4,0,29
BRDA:69,5,0,8
BRDA:69,5,1,16
BRDA:92,6,0,2
BRDA:92,6,1,6
BRDA:94,7,0,2
BRDA:94,7,1,2
BRDA:95,8,0,2
BRDA:95,8,1,0
BRDA:130,9,0,2
BRDA:130,9,1,1
BRDA:154,10,0,3
BRDA:154,10,1,1
BRDA:154,11,0,4
BRDA:154,11,1,2
BRDA:168,12,0,2
BRDA:168,12,1,5
BRDA:180,13,0,2
BRDA:180,13,1,18
BRDA:180,14,0,20
BRDA:180,14,1,19
BRDA:180,14,2,18
BRDA:180,14,3,18
BRDA:180,14,4,18
BRDA:194,15,0,2
BRDA:194,15,1,1
BRDA:316,16,0,2
BRDA:316,16,1,2
BRDA:329,17,0,0
BRDA:329,17,1,1
BRDA:340,18,0,1
BRDA:340,18,1,1
BRDA:351,19,0,1
BRDA:351,19,1,1
BRDA:352,20,0,1
BRDA:352,20,1,0
BRDA:361,21,0,1
BRDA:361,21,1,3
BRDA:366,22,0,1
BRDA:366,22,1,1
BRDA:389,23,0,1
BRDA:389,23,1,1
BRDA:434,24,0,2
BRDA:434,24,1,7
BRDA:462,25,0,1
BRDA:462,25,1,1
BRDA:465,26,0,1
BRDA:465,26,1,1
BRDA:476,27,0,1
BRDA:476,27,1,1
BRDA:507,28,0,2
BRDA:507,28,1,22
BRDA:507,29,0,24
BRDA:507,29,1,22
BRDA:507,29,2,22
BRDA:507,29,3,22
BRDA:507,29,4,22
BRDA:507,29,5,22
BRDA:510,30,0,1
BRDA:510,30,1,21
BRDA:518,31,0,21
BRDA:518,31,1,20
BRDA:518,32,0,24
BRDA:518,32,1,21
BRDA:534,33,0,7
BRDA:534,33,1,6
BRDA:536,34,0,2
BRDA:536,34,1,2
BRDA:579,35,0,2
BRDA:579,35,1,9
BRDA:580,36,0,2
BRDA:580,36,1,7
BRDA:589,37,0,2
BRDA:589,37,1,1
BRDA:646,38,0,0
BRDA:646,38,1,2
BRDA:649,39,0,2
BRDA:649,39,1,0
BRDA:677,40,0,2
BRDA:677,40,1,1
BRDA:689,41,0,0
BRDA:689,41,1,5
BRDA:689,42,0,5
BRDA:689,42,1,5
BRDA:702,43,0,1
BRDA:702,43,1,3
BRDA:702,44,0,4
BRDA:702,44,1,4
BRDA:707,45,0,1
BRDA:707,45,1,2
BRDA:717,46,0,1
BRDA:717,46,1,1
BRDA:718,47,0,0
BRDA:718,47,1,1
BRDA:754,48,0,0
BRDA:754,48,1,2
BRDA:781,49,0,1
BRDA:781,49,1,3
BRDA:782,50,0,1
BRDA:782,50,1,2
BRDA:832,51,0,1
BRDA:832,51,1,2
BRDA:839,52,0,1
BRDA:839,52,1,1
BRF:110
BRH:101
end_of_record
TN:
SF:src/backend/start.js
FN:3,(anonymous_0)
FNF:1
FNH:1
FNDA:1,(anonymous_0)
DA:3,1
DA:4,1
LF:2
LH:2
BRF:0
BRH:0
end_of_record
