TN:
SF:src/backend/db.js
FNF:0
FNH:0
DA:3,2
DA:5,2
LF:2
LH:2
BRF:0
BRH:0
end_of_record
TN:
SF:src/backend/server.js
FN:23,handleError
FN:29,withTransaction
FN:45,queryOne
FN:56,queryMany
FN:66,mutateOne
FN:77,withClient
FN:92,getZipCode
FN:109,safeExt
FN:116,(anonymous_8)
FN:137,(anonymous_9)
FN:145,(anonymous_10)
FN:153,(anonymous_11)
FN:155,(anonymous_12)
FN:164,createUser
FN:173,(anonymous_14)
FN:191,(anonymous_15)
FN:204,(anonymous_16)
FN:210,(anonymous_17)
FN:225,(anonymous_18)
FN:229,(anonymous_19)
FN:240,(anonymous_20)
FN:252,(anonymous_21)
FN:263,(anonymous_22)
FN:276,(anonymous_23)
FN:303,(anonymous_24)
FN:314,(anonymous_25)
FN:329,(anonymous_26)
FN:332,(anonymous_27)
FN:347,(anonymous_28)
FN:351,(anonymous_29)
FN:362,(anonymous_30)
FN:373,(anonymous_31)
FN:384,(anonymous_32)
FN:399,(anonymous_33)
FN:412,(anonymous_34)
FN:422,(anonymous_35)
FN:447,(anonymous_36)
FN:470,(anonymous_37)
FN:478,(anonymous_38)
FN:484,(anonymous_39)
FN:498,(anonymous_40)
FN:509,(anonymous_41)
FN:519,(anonymous_42)
FN:531,(anonymous_43)
FN:554,(anonymous_44)
FN:569,(anonymous_45)
FN:573,(anonymous_46)
FN:590,(anonymous_47)
FN:594,(anonymous_48)
FN:600,(anonymous_49)
FN:620,(anonymous_50)
FN:628,(anonymous_51)
FN:641,(anonymous_52)
FN:653,(anonymous_53)
FN:654,(anonymous_54)
FN:667,(anonymous_55)
FN:668,(anonymous_56)
FN:681,(anonymous_57)
FN:694,(anonymous_58)
FN:709,(anonymous_59)
FN:751,(anonymous_60)
FN:759,(anonymous_61)
FN:772,(anonymous_62)
FN:773,(anonymous_63)
FN:790,(anonymous_64)
FN:799,(anonymous_65)
FN:805,(anonymous_66)
FN:806,(anonymous_67)
FN:811,(anonymous_68)
FN:825,(anonymous_69)
FN:829,(anonymous_70)
FN:830,(anonymous_71)
FN:842,(anonymous_72)
FN:859,(anonymous_73)
FN:881,(anonymous_74)
FN:882,(anonymous_75)
FNF:76
FNH:76
FNDA:66,handleError
FNDA:44,withTransaction
FNDA:9,queryOne
FNDA:39,queryMany
FNDA:29,mutateOne
FNDA:9,withClient
FNDA:8,getZipCode
FNDA:6,safeExt
FNDA:1,(anonymous_8)
FNDA:1,(anonymous_9)
FNDA:3,(anonymous_10)
FNDA:2,(anonymous_11)
FNDA:3,(anonymous_12)
FNDA:42,createUser
FNDA:5,(anonymous_14)
FNDA:7,(anonymous_15)
FNDA:20,(anonymous_16)
FNDA:17,(anonymous_17)
FNDA:4,(anonymous_18)
FNDA:2,(anonymous_19)
FNDA:2,(anonymous_20)
FNDA:3,(anonymous_21)
FNDA:2,(anonymous_22)
FNDA:2,(anonymous_23)
FNDA:3,(anonymous_24)
FNDA:2,(anonymous_25)
FNDA:26,(anonymous_26)
FNDA:25,(anonymous_27)
FNDA:4,(anonymous_28)
FNDA:3,(anonymous_29)
FNDA:3,(anonymous_30)
FNDA:3,(anonymous_31)
FNDA:4,(anonymous_32)
FNDA:2,(anonymous_33)
FNDA:3,(anonymous_34)
FNDA:2,(anonymous_35)
FNDA:9,(anonymous_36)
FNDA:6,(anonymous_37)
FNDA:4,(anonymous_38)
FNDA:4,(anonymous_39)
FNDA:3,(anonymous_40)
FNDA:4,(anonymous_41)
FNDA:2,(anonymous_42)
FNDA:24,(anonymous_43)
FNDA:7,(anonymous_44)
FNDA:3,(anonymous_45)
FNDA:4,(anonymous_46)
FNDA:13,(anonymous_47)
FNDA:5,(anonymous_48)
FNDA:12,(anonymous_49)
FNDA:5,(anonymous_50)
FNDA:2,(anonymous_51)
FNDA:8,(anonymous_52)
FNDA:2,(anonymous_53)
FNDA:2,(anonymous_54)
FNDA:2,(anonymous_55)
FNDA:2,(anonymous_56)
FNDA:2,(anonymous_57)
FNDA:3,(anonymous_58)
FNDA:5,(anonymous_59)
FNDA:3,(anonymous_60)
FNDA:2,(anonymous_61)
FNDA:3,(anonymous_62)
FNDA:3,(anonymous_63)
FNDA:2,(anonymous_64)
FNDA:2,(anonymous_65)
FNDA:4,(anonymous_66)
FNDA:4,(anonymous_67)
FNDA:2,(anonymous_68)
FNDA:5,(anonymous_69)
FNDA:2,(anonymous_70)
FNDA:2,(anonymous_71)
FNDA:5,(anonymous_72)
FNDA:3,(anonymous_73)
FNDA:1,(anonymous_74)
FNDA:1,(anonymous_75)
DA:12,3
DA:14,3
DA:15,3
DA:17,3
DA:18,3
DA:19,3
DA:24,66
DA:25,66
DA:26,66
DA:30,44
DA:31,44
DA:32,44
DA:33,42
DA:34,37
DA:35,37
DA:37,7
DA:38,7
DA:40,44
DA:46,9
DA:47,9
DA:48,5
DA:49,3
DA:51,4
DA:57,39
DA:58,39
DA:59,22
DA:61,17
DA:67,29
DA:68,29
DA:69,24
DA:70,16
DA:72,5
DA:78,9
DA:79,9
DA:80,9
DA:81,5
DA:83,4
DA:85,9
DA:90,3
DA:93,8
DA:94,8
DA:95,8
DA:96,6
DA:97,4
DA:98,2
DA:100,2
DA:106,3
DA:107,3
DA:110,6
DA:111,6
DA:114,3
DA:117,1
DA:119,1
DA:120,0
DA:122,1
DA:123,1
DA:125,1
DA:126,1
DA:129,1
DA:130,0
DA:134,1
DA:135,1
DA:137,1
DA:142,3
DA:145,3
DA:150,3
DA:153,2
DA:156,3
DA:157,1
DA:165,42
DA:166,42
DA:170,38
DA:173,3
DA:174,5
DA:175,5
DA:176,5
DA:180,4
DA:181,3
DA:183,1
DA:184,1
DA:185,1
DA:187,1
DA:191,3
DA:192,7
DA:193,7
DA:194,7
DA:195,5
DA:196,3
DA:198,2
DA:204,3
DA:205,20
DA:206,20
DA:207,2
DA:209,18
DA:210,18
DA:211,17
DA:212,15
DA:216,15
DA:218,15
DA:220,3
DA:221,1
DA:225,3
DA:226,4
DA:229,3
DA:230,2
DA:240,3
DA:241,2
DA:252,3
DA:253,3
DA:263,3
DA:264,2
DA:265,2
DA:266,2
DA:270,1
DA:272,1
DA:276,3
DA:277,2
DA:303,3
DA:304,3
DA:314,3
DA:315,2
DA:316,2
DA:317,2
DA:321,1
DA:323,1
DA:329,3
DA:330,26
DA:331,26
DA:332,26
DA:333,25
DA:334,23
DA:338,22
DA:340,22
DA:342,4
DA:343,2
DA:347,3
DA:348,4
DA:351,3
DA:352,3
DA:353,3
DA:354,3
DA:355,1
DA:356,1
DA:358,2
DA:362,3
DA:363,3
DA:364,3
DA:365,3
DA:366,2
DA:367,1
DA:369,1
DA:373,3
DA:374,3
DA:375,3
DA:376,3
DA:377,2
DA:378,1
DA:380,1
DA:384,3
DA:385,4
DA:386,4
DA:387,4
DA:388,3
DA:392,2
DA:393,1
DA:395,1
DA:399,3
DA:400,2
DA:401,2
DA:402,2
DA:406,1
DA:408,1
DA:412,3
DA:413,3
DA:414,3
DA:415,2
DA:416,1
DA:418,1
DA:422,3
DA:423,2
DA:447,3
DA:448,9
DA:449,9
DA:450,9
DA:459,9
DA:460,9
DA:461,9
DA:462,9
DA:463,7
DA:465,2
DA:470,3
DA:471,6
DA:478,3
DA:479,4
DA:484,3
DA:485,4
DA:486,4
DA:487,4
DA:488,2
DA:489,1
DA:491,2
DA:492,1
DA:494,2
DA:498,3
DA:499,3
DA:500,3
DA:501,3
DA:502,2
DA:503,1
DA:505,1
DA:509,3
DA:510,4
DA:511,4
DA:512,4
DA:513,1
DA:515,3
DA:519,3
DA:520,2
DA:521,2
DA:522,2
DA:523,2
DA:525,1
DA:531,3
DA:532,24
DA:533,24
DA:534,2
DA:536,22
DA:537,1
DA:539,21
DA:540,21
DA:541,21
DA:546,20
DA:548,1
DA:550,21
DA:554,3
DA:555,7
DA:556,7
DA:557,7
DA:562,4
DA:563,2
DA:565,3
DA:569,3
DA:570,3
DA:573,3
DA:574,4
DA:590,3
DA:591,13
DA:594,3
DA:595,5
DA:600,3
DA:601,12
DA:602,12
DA:603,12
DA:604,12
DA:605,11
DA:606,9
DA:607,2
DA:609,7
DA:613,5
DA:615,3
DA:616,1
DA:620,3
DA:621,5
DA:628,3
DA:629,2
DA:641,3
DA:642,8
DA:643,8
DA:647,6
DA:649,2
DA:653,3
DA:654,2
DA:655,2
DA:656,2
DA:667,3
DA:668,2
DA:669,2
DA:670,2
DA:671,1
DA:672,2
DA:673,2
DA:681,3
DA:682,2
DA:694,3
DA:695,3
DA:696,3
DA:703,2
DA:705,1
DA:709,3
DA:710,5
DA:711,5
DA:712,5
DA:713,5
DA:715,5
DA:716,0
DA:719,5
DA:728,4
DA:729,1
DA:732,3
DA:733,3
DA:734,1
DA:737,2
DA:741,1
DA:743,2
DA:744,1
DA:745,1
DA:747,5
DA:751,3
DA:752,3
DA:759,3
DA:760,2
DA:772,3
DA:773,3
DA:774,3
DA:775,3
DA:776,2
DA:777,2
DA:780,2
DA:781,0
DA:790,3
DA:791,2
DA:799,3
DA:800,2
DA:805,3
DA:806,4
DA:807,4
DA:808,3
DA:809,2
DA:812,2
DA:813,2
DA:814,2
DA:815,2
DA:819,1
DA:821,1
DA:825,3
DA:826,5
DA:829,3
DA:830,2
DA:831,2
DA:832,2
DA:833,1
DA:834,2
DA:842,3
DA:843,5
DA:854,3
DA:859,3
DA:860,3
DA:861,3
DA:863,3
DA:864,1
DA:867,2
DA:868,2
DA:871,2
DA:872,2
DA:873,2
DA:874,0
DA:877,2
DA:878,1
DA:881,1
DA:882,1
DA:884,1
DA:886,0
DA:887,0
LF:363
LH:356
BRDA:25,0,0,0
BRDA:25,0,1,66
BRDA:45,1,0,9
BRDA:48,2,0,2
BRDA:48,2,1,3
BRDA:56,3,0,39
BRDA:66,4,0,29
BRDA:69,5,0,8
BRDA:69,5,1,16
BRDA:93,6,0,0
BRDA:93,6,1,8
BRDA:95,7,0,2
BRDA:95,7,1,6
BRDA:97,8,0,2
BRDA:97,8,1,2
BRDA:98,9,0,2
BRDA:98,9,1,0
BRDA:111,10,0,6
BRDA:111,10,1,0
BRDA:119,11,0,0
BRDA:119,11,1,1
BRDA:123,12,0,0
BRDA:123,12,1,1
BRDA:129,13,0,0
BRDA:129,13,1,1
BRDA:156,14,0,2
BRDA:156,14,1,1
BRDA:180,15,0,3
BRDA:180,15,1,1
BRDA:180,16,0,4
BRDA:180,16,1,2
BRDA:194,17,0,2
BRDA:194,17,1,5
BRDA:206,18,0,2
BRDA:206,18,1,18
BRDA:206,19,0,20
BRDA:206,19,1,19
BRDA:206,19,2,18
BRDA:206,19,3,18
BRDA:206,19,4,18
BRDA:220,20,0,2
BRDA:220,20,1,1
BRDA:342,21,0,2
BRDA:342,21,1,2
BRDA:355,22,0,0
BRDA:355,22,1,1
BRDA:366,23,0,1
BRDA:366,23,1,1
BRDA:377,24,0,1
BRDA:377,24,1,1
BRDA:378,25,0,1
BRDA:378,25,1,0
BRDA:387,26,0,1
BRDA:387,26,1,3
BRDA:392,27,0,1
BRDA:392,27,1,1
BRDA:415,28,0,1
BRDA:415,28,1,1
BRDA:460,29,0,2
BRDA:460,29,1,7
BRDA:488,30,0,1
BRDA:488,30,1,1
BRDA:491,31,0,1
BRDA:491,31,1,1
BRDA:502,32,0,1
BRDA:502,32,1,1
BRDA:533,33,0,2
BRDA:533,33,1,22
BRDA:533,34,0,24
BRDA:533,34,1,22
BRDA:533,34,2,22
BRDA:533,34,3,22
BRDA:533,34,4,22
BRDA:533,34,5,22
BRDA:536,35,0,1
BRDA:536,35,1,21
BRDA:544,36,0,21
BRDA:544,36,1,20
BRDA:544,37,0,24
BRDA:544,37,1,21
BRDA:560,38,0,7
BRDA:560,38,1,6
BRDA:562,39,0,2
BRDA:562,39,1,2
BRDA:605,40,0,2
BRDA:605,40,1,9
BRDA:606,41,0,2
BRDA:606,41,1,7
BRDA:615,42,0,2
BRDA:615,42,1,1
BRDA:672,43,0,0
BRDA:672,43,1,2
BRDA:675,44,0,2
BRDA:675,44,1,0
BRDA:703,45,0,2
BRDA:703,45,1,1
BRDA:715,46,0,0
BRDA:715,46,1,5
BRDA:715,47,0,5
BRDA:715,47,1,5
BRDA:728,48,0,1
BRDA:728,48,1,3
BRDA:728,49,0,4
BRDA:728,49,1,4
BRDA:733,50,0,1
BRDA:733,50,1,2
BRDA:743,51,0,1
BRDA:743,51,1,1
BRDA:744,52,0,0
BRDA:744,52,1,1
BRDA:780,53,0,0
BRDA:780,53,1,2
BRDA:807,54,0,1
BRDA:807,54,1,3
BRDA:808,55,0,1
BRDA:808,55,1,2
BRDA:863,56,0,1
BRDA:863,56,1,2
BRDA:868,57,0,0
BRDA:868,57,1,2
BRDA:873,58,0,0
BRDA:873,58,1,2
BRDA:877,59,0,1
BRDA:877,59,1,1
BRF:124
BRH:108
end_of_record
TN:
SF:src/backend/start.js
FN:3,(anonymous_0)
FNF:1
FNH:1
FNDA:1,(anonymous_0)
DA:3,1
DA:4,1
LF:2
LH:2
BRF:0
BRH:0
end_of_record
