{"C:/Users/chris/all4all/src/frontend/components/ColorWheelPicker.jsx":{"_coverageSchema":"1a1c01bbd47fc00a2c39e90264f33305004495a9","b":{"0":[0,0],"1":[0,0],"2":[0,0],"3":[0,0],"4":[26,26],"5":[0,0],"6":[0,26],"7":[26,0],"8":[26,0],"9":[26,0],"10":[1,0],"11":[1,0],"12":[1,1],"13":[0,1],"14":[0,0],"15":[0,0]},"branchMap":{"0":{"line":21,"loc":{"end":{"column":5,"line":23},"start":{"column":4,"line":21}},"locations":[{"end":{"column":5,"line":23},"start":{"column":4,"line":21}},{"end":{"column":null,"line":null},"start":{"column":null,"line":null}}],"type":"if"},"1":{"line":27,"loc":{"end":{"column":5,"line":30},"start":{"column":4,"line":27}},"locations":[{"end":{"column":5,"line":30},"start":{"column":4,"line":27}},{"end":{"column":null,"line":null},"start":{"column":null,"line":null}}],"type":"if"},"2":{"line":31,"loc":{"end":{"column":5,"line":34},"start":{"column":4,"line":31}},"locations":[{"end":{"column":5,"line":34},"start":{"column":4,"line":31}},{"end":{"column":null,"line":null},"start":{"column":null,"line":null}}],"type":"if"},"3":{"line":35,"loc":{"end":{"column":5,"line":38},"start":{"column":4,"line":35}},"locations":[{"end":{"column":5,"line":38},"start":{"column":4,"line":35}},{"end":{"column":null,"line":null},"start":{"column":null,"line":null}}],"type":"if"},"4":{"line":65,"loc":{"end":{"column":16,"line":69},"start":{"column":8,"line":65}},"locations":[{"end":{"column":20,"line":65},"start":{"column":8,"line":65}},{"end":{"column":16,"line":69},"start":{"column":40,"line":65}}],"type":"binary-expr"},"5":{"line":76,"loc":{"end":{"column":61,"line":76},"start":{"column":30,"line":76}},"locations":[{"end":{"column":47,"line":76},"start":{"column":30,"line":76}},{"end":{"column":61,"line":76},"start":{"column":51,"line":76}}],"type":"binary-expr"},"6":{"line":79,"loc":{"end":{"column":57,"line":79},"start":{"column":35,"line":79}},"locations":[{"end":{"column":52,"line":79},"start":{"column":44,"line":79}},{"end":{"column":57,"line":79},"start":{"column":55,"line":79}}],"type":"cond-expr"},"7":{"line":79,"loc":{"end":{"column":104,"line":79},"start":{"column":60,"line":79}},"locations":[{"end":{"column":99,"line":79},"start":{"column":75,"line":79}},{"end":{"column":104,"line":79},"start":{"column":102,"line":79}}],"type":"cond-expr"},"8":{"line":118,"loc":{"end":{"column":12,"line":125},"start":{"column":4,"line":118}},"locations":[{"end":{"column":10,"line":118},"start":{"column":4,"line":118}},{"end":{"column":12,"line":125},"start":{"column":30,"line":118}}],"type":"binary-expr"},"9":{"line":131,"loc":{"end":{"column":12,"line":179},"start":{"column":4,"line":131}},"locations":[{"end":{"column":29,"line":131},"start":{"column":4,"line":131}},{"end":{"column":12,"line":179},"start":{"column":49,"line":131}}],"type":"binary-expr"},"10":{"line":191,"loc":{"end":{"column":97,"line":191},"start":{"column":20,"line":191}},"locations":[{"end":{"column":60,"line":191},"start":{"column":20,"line":191}},{"end":{"column":97,"line":191},"start":{"column":64,"line":191}}],"type":"binary-expr"},"11":{"line":192,"loc":{"end":{"column":1,"line":206},"start":{"column":0,"line":192}},"locations":[{"end":{"column":1,"line":206},"start":{"column":0,"line":192}},{"end":{"column":null,"line":null},"start":{"column":null,"line":null}}],"type":"if"},"12":{"line":192,"loc":{"end":{"column":35,"line":192},"start":{"column":4,"line":192}},"locations":[{"end":{"column":19,"line":192},"start":{"column":4,"line":192}},{"end":{"column":35,"line":192},"start":{"column":23,"line":192}}],"type":"binary-expr"},"13":{"line":193,"loc":{"end":{"column":3,"line":197},"start":{"column":2,"line":193}},"locations":[{"end":{"column":3,"line":197},"start":{"column":2,"line":193}},{"end":{"column":null,"line":null},"start":{"column":null,"line":null}}],"type":"if"},"14":{"line":201,"loc":{"end":{"column":31,"line":201},"start":{"column":6,"line":201}},"locations":[{"end":{"column":31,"line":201},"start":{"column":6,"line":201}},{"end":{"column":null,"line":null},"start":{"column":null,"line":null}}],"type":"if"},"15":{"line":203,"loc":{"end":{"column":75,"line":203},"start":{"column":6,"line":203}},"locations":[{"end":{"column":75,"line":203},"start":{"column":6,"line":203}},{"end":{"column":null,"line":null},"start":{"column":null,"line":null}}],"type":"if"}},"f":{"0":26,"1":0,"2":0,"3":0,"4":0,"5":0,"6":0,"7":0,"8":1,"9":0,"10":1,"11":1},"fnMap":{"0":{"decl":{"end":{"column":40,"line":5},"start":{"column":24,"line":5}},"line":5,"loc":{"end":{"column":1,"line":185},"start":{"column":71,"line":5}},"name":"ColorWheelPicker"},"1":{"decl":{"end":{"column":22,"line":10},"start":{"column":11,"line":10}},"line":10,"loc":{"end":{"column":3,"line":15},"start":{"column":26,"line":10}},"name":"handleWheel"},"2":{"decl":{"end":{"column":24,"line":16},"start":{"column":11,"line":16}},"line":16,"loc":{"end":{"column":3,"line":24},"start":{"column":28,"line":16}},"name":"handleHexText"},"3":{"decl":{"end":{"column":19,"line":25},"start":{"column":11,"line":25}},"line":25,"loc":{"end":{"column":3,"line":41},"start":{"column":22,"line":25}},"name":"addColor"},"4":{"decl":{"end":{"column":24,"line":76},"start":{"column":23,"line":76}},"line":76,"loc":{"end":{"column":61,"line":76},"start":{"column":30,"line":76}},"name":"(anonymous_4)"},"5":{"decl":{"end":{"column":9,"line":133},"start":{"column":8,"line":133}},"line":133,"loc":{"end":{"column":16,"line":165},"start":{"column":31,"line":133}},"name":"(anonymous_5)"},"6":{"decl":{"end":{"column":24,"line":149},"start":{"column":23,"line":149}},"line":149,"loc":{"end":{"column":76,"line":149},"start":{"column":29,"line":149}},"name":"(anonymous_6)"},"7":{"decl":{"end":{"column":61,"line":149},"start":{"column":60,"line":149}},"line":149,"loc":{"end":{"column":74,"line":149},"start":{"column":67,"line":149}},"name":"(anonymous_7)"},"8":{"decl":{"end":{"column":53,"line":198},"start":{"column":52,"line":198}},"line":198,"loc":{"end":{"column":3,"line":205},"start":{"column":72,"line":198}},"name":"(anonymous_8)"},"9":{"decl":{"end":{"column":28,"line":200},"start":{"column":27,"line":200}},"line":200,"loc":{"end":{"column":5,"line":204},"start":{"column":44,"line":200}},"name":"(anonymous_9)"},"10":{"decl":{"end":{"column":21,"line":207},"start":{"column":9,"line":207}},"line":207,"loc":{"end":{"column":1,"line":209},"start":{"column":32,"line":207}},"name":"$RefreshReg$"},"11":{"decl":{"end":{"column":21,"line":210},"start":{"column":9,"line":210}},"line":210,"loc":{"end":{"column":1,"line":212},"start":{"column":24,"line":210}},"name":"$RefreshSig$"}},"hash":"b8650dd7e1d5d79c15f0d14d59175a0dd0d8a4b5","inputSourceMap":{"file":"C:/Users/chris/all4all/src/frontend/components/ColorWheelPicker.jsx","ignoreList":[],"mappings":"AAsDY;;AAtDZ,SAASA,gBAAgB;AACzB,SAASC,YAAYC,oBAAoB;AAEzC,wBAAwBC,iBAAiB,EAAEC,gBAAgBC,SAAS,GAAG;AAAAC,KAAA;AACnE,QAAM,CAACC,YAAYC,aAAa,IAAIR,SAAS,SAAS;AACtD,QAAM,CAACS,UAAUC,WAAW,IAAIV,SAAS,SAAS;AAClD,QAAM,CAACW,QAAQC,SAAS,IAAIZ,SAAS,IAAI;AAGzC,WAASa,YAAYC,GAAG;AACpB,UAAMC,IAAID,EAAEE,OAAOC;AACnBT,kBAAcO,CAAC;AACfL,gBAAYK,CAAC;AACbH,cAAU,IAAI;AAAA,EAClB;AAEA,WAASM,cAAcJ,GAAG;AACtB,UAAMK,MAAML,EAAEE,OAAOC;AACrBP,gBAAYS,GAAG;AACfP,cAAU,IAAI;AACd,UAAMQ,OAAOlB,aAAaiB,GAAG;AAE7B,QAAIlB,WAAWmB,IAAI,GAAE;AACjBZ,oBAAcY,IAAI;AAAA,IACtB;AAAA,EACJ;AAEA,WAASC,WAAW;AAChB,UAAMD,OAAOlB,aAAaO,QAAQ,EAAEa,YAAY;AAChD,QAAI,CAACrB,WAAWmB,IAAI,GAAE;AAClBR,gBAAU,mCAAmC;AAC7C;AAAA,IACJ;AAEA,QAAIR,eAAemB,SAASH,IAAI,GAAE;AAC9BR,gBAAU,gBAAgB;AAC1B;AAAA,IACJ;AAEA,QAAGR,eAAeoB,UAAU,GAAE;AAC1BZ,gBAAU,mBAAmB;AAC7B;AAAA,IACJ;AAEAP,aAAS,CAAC,GAAGD,gBAAgBgB,IAAI,CAAC;AAClCR,cAAU,IAAI;AAAA,EAClB;AAEA,QAAMa,eAAevB,aAAaO,SAASiB,KAAK,CAAC;AACjD,QAAMC,eAAe1B,WAAWwB,YAAY;AAE5C,SACI,uBAAC,SAAI,WAAU,yBACf;AAAA,2BAAC,SAAI,WAAU,qBACX;AAAA;AAAA,QAAC;AAAA;AAAA,UACD,MAAK;AAAA,UACL,OAAOlB;AAAAA,UACP,UAAUM;AAAAA,UACV,WAAU;AAAA,UACV,OAAM;AAAA;AAAA,QALN;AAAA;AAAA;AAAA;AAAA;AAAA;AAAA;AAAA;AAAA,MAKoB;AAAA,MAGpB,uBAAC,SAAI,WAAU,gBACdc;AAAAA,wBACG,uBAAC,UAAK,WAAU,mBAAkB,OAAO,EAAEC,YAAYH,aAAa,KAApE;AAAA;AAAA;AAAA;AAAA,eAAsE;AAAA,QAE1E;AAAA,UAAC;AAAA;AAAA,YACG,MAAK;AAAA,YACL,OAAOhB;AAAAA,YACP,UAAUS;AAAAA,YACV,WAAW,CAACJ,MAAMA,EAAEe,QAAQ,WAAWR,SAAS;AAAA,YAChD,aAAY;AAAA,YACZ,WAAW;AAAA,YACX,WAAW,YAAYV,SAAS,WAAW,EAAE,GAAGgB,eAAe,2BAA2B,EAAE;AAAA;AAAA,UAPhG;AAAA;AAAA;AAAA;AAAA;AAAA;AAAA;AAAA;AAAA,QAOmG;AAAA,WAXnG;AAAA;AAAA;AAAA;AAAA,aAaA;AAAA,MAEA;AAAA,QAAC;AAAA;AAAA,UACD,MAAK;AAAA,UACL,WAAU;AAAA,UACV,SAASN;AAAAA,UACT,UAAUjB,eAAeoB,UAAU;AAAA,UAAE;AAAA;AAAA,QAJrC;AAAA;AAAA;AAAA;AAAA;AAAA;AAAA;AAAA;AAAA,MAOA;AAAA,SA/BJ;AAAA;AAAA;AAAA;AAAA,WAgCA;AAAA,IAECb,UAAU,uBAAC,OAAE,WAAU,WAAU;AAAA;AAAA,MAAGA;AAAAA,SAA1B;AAAA;AAAA;AAAA;AAAA,WAAiC;AAAA,IAC5C,uBAAC,OAAE,WAAU,kBAAiB,0EAA9B;AAAA;AAAA;AAAA;AAAA,WAAwF;AAAA,IAGvFP,eAAeoB,SAAS,KACrB,uBAAC,SAAI,WAAU,uBACdpB;AAAAA,qBAAe0B;AAAAA,QAAI,CAACC,MACjB,uBAAC,SAAY,WAAU,kBACvB;AAAA,iCAAC,UAAK,WAAU,0BAAyB,OAAO,EAAEH,YAAYG,EAAE,KAAhE;AAAA;AAAA;AAAA;AAAA,iBAAkE;AAAA,UAClE,uBAAC,UAAK,WAAU,uBAAuBA,eAAvC;AAAA;AAAA;AAAA;AAAA,iBAAyC;AAAA,UACzC;AAAA,YAAC;AAAA;AAAA,cACG,MAAK;AAAA,cACL,WAAU;AAAA,cACV,SAAS,MAAM1B,SAASD,eAAe4B,OAAO,CAACC,MAAMA,MAAMF,CAAC,CAAC;AAAA,cAAE;AAAA;AAAA,YAHnE;AAAA;AAAA;AAAA;AAAA;AAAA;AAAA;AAAA;AAAA,UAIE;AAAA,aAPQA,GAAV;AAAA;AAAA;AAAA;AAAA,eAQA;AAAA,MACH;AAAA,MACD,uBAAC,UAAK,WAAU,mBAAmB3B;AAAAA,uBAAeoB;AAAAA,QAAO;AAAA,WAAzD;AAAA;AAAA;AAAA;AAAA,aAA2D;AAAA,SAZ3D;AAAA;AAAA;AAAA;AAAA,WAaA;AAAA,OArDJ;AAAA;AAAA;AAAA;AAAA,SAuDA;AAER;AAAClB,GA1GuBH,kBAAgB;AAAA,KAAhBA;AAAgB,IAAA+B;AAAA,aAAAA,IAAA","names":["useState","isValidHex","normalizeHex","ColorWheelPicker","selectedColors","onChange","_s","wheelColor","setWheelColor","hexInput","setHexInput","hexErr","setHexErr","handleWheel","e","h","target","value","handleHexText","raw","norm","addColor","toLowerCase","includes","length","previewColor","trim","previewValid","background","key","map","c","filter","x","_c"],"sources":["C:/Users/chris/all4all/src/frontend/components/ColorWheelPicker.jsx"],"version":3},"path":"C:/Users/chris/all4all/src/frontend/components/ColorWheelPicker.jsx","s":{"0":1,"1":26,"2":26,"3":26,"4":26,"5":0,"6":0,"7":0,"8":0,"9":0,"10":0,"11":0,"12":0,"13":0,"14":0,"15":0,"16":0,"17":0,"18":0,"19":0,"20":0,"21":0,"22":0,"23":0,"24":0,"25":0,"26":0,"27":26,"28":26,"29":26,"30":0,"31":0,"32":0,"33":0,"34":1,"35":1,"36":1,"37":1,"38":1,"39":1,"40":0,"41":1,"42":1,"43":1,"44":0,"45":0,"46":0,"47":0,"48":0,"49":1,"50":1},"statementMap":{"0":{"end":{"column":23,"line":2},"start":{"column":9,"line":2}},"1":{"end":{"column":7,"line":6},"start":{"column":2,"line":6}},"2":{"end":{"column":57,"line":7},"start":{"column":38,"line":7}},"3":{"end":{"column":53,"line":8},"start":{"column":34,"line":8}},"4":{"end":{"column":44,"line":9},"start":{"column":30,"line":9}},"5":{"end":{"column":28,"line":11},"start":{"column":14,"line":11}},"6":{"end":{"column":21,"line":12},"start":{"column":4,"line":12}},"7":{"end":{"column":19,"line":13},"start":{"column":4,"line":13}},"8":{"end":{"column":20,"line":14},"start":{"column":4,"line":14}},"9":{"end":{"column":30,"line":17},"start":{"column":16,"line":17}},"10":{"end":{"column":21,"line":18},"start":{"column":4,"line":18}},"11":{"end":{"column":20,"line":19},"start":{"column":4,"line":19}},"12":{"end":{"column":34,"line":20},"start":{"column":17,"line":20}},"13":{"end":{"column":5,"line":23},"start":{"column":4,"line":21}},"14":{"end":{"column":26,"line":22},"start":{"column":6,"line":22}},"15":{"end":{"column":53,"line":26},"start":{"column":17,"line":26}},"16":{"end":{"column":5,"line":30},"start":{"column":4,"line":27}},"17":{"end":{"column":53,"line":28},"start":{"column":6,"line":28}},"18":{"end":{"column":13,"line":29},"start":{"column":6,"line":29}},"19":{"end":{"column":5,"line":34},"start":{"column":4,"line":31}},"20":{"end":{"column":34,"line":32},"start":{"column":6,"line":32}},"21":{"end":{"column":13,"line":33},"start":{"column":6,"line":33}},"22":{"end":{"column":5,"line":38},"start":{"column":4,"line":35}},"23":{"end":{"column":37,"line":36},"start":{"column":6,"line":36}},"24":{"end":{"column":13,"line":37},"start":{"column":6,"line":37}},"25":{"end":{"column":40,"line":39},"start":{"column":4,"line":39}},"26":{"end":{"column":20,"line":40},"start":{"column":4,"line":40}},"27":{"end":{"column":52,"line":42},"start":{"column":23,"line":42}},"28":{"end":{"column":47,"line":43},"start":{"column":23,"line":43}},"29":{"end":{"column":11,"line":184},"start":{"column":2,"line":44}},"30":{"end":{"column":61,"line":76},"start":{"column":30,"line":76}},"31":{"end":{"column":16,"line":165},"start":{"column":31,"line":133}},"32":{"end":{"column":76,"line":149},"start":{"column":29,"line":149}},"33":{"end":{"column":74,"line":149},"start":{"column":67,"line":149}},"34":{"end":{"column":53,"line":186},"start":{"column":0,"line":186}},"35":{"end":{"column":22,"line":187},"start":{"column":0,"line":187}},"36":{"end":{"column":37,"line":189},"start":{"column":0,"line":189}},"37":{"end":{"column":97,"line":191},"start":{"column":20,"line":191}},"38":{"end":{"column":1,"line":206},"start":{"column":0,"line":192}},"39":{"end":{"column":3,"line":197},"start":{"column":2,"line":193}},"40":{"end":{"column":6,"line":196},"start":{"column":4,"line":194}},"41":{"end":{"column":5,"line":205},"start":{"column":2,"line":198}},"42":{"end":{"column":137,"line":199},"start":{"column":4,"line":199}},"43":{"end":{"column":7,"line":204},"start":{"column":4,"line":200}},"44":{"end":{"column":31,"line":201},"start":{"column":6,"line":201}},"45":{"end":{"column":31,"line":201},"start":{"column":24,"line":201}},"46":{"end":{"column":186,"line":202},"start":{"column":32,"line":202}},"47":{"end":{"column":75,"line":203},"start":{"column":6,"line":203}},"48":{"end":{"column":75,"line":203},"start":{"column":29,"line":203}},"49":{"end":{"column":116,"line":208},"start":{"column":2,"line":208}},"50":{"end":{"column":62,"line":211},"start":{"column":2,"line":211}}}},"C:/Users/chris/all4all/src/frontend/components/OrgForm.jsx":{"_coverageSchema":"1a1c01bbd47fc00a2c39e90264f33305004495a9","b":{"0":[0,0],"1":[0,0],"2":[0,0],"3":[0,0],"4":[0,0],"5":[0,0],"6":[0,0],"7":[0,0],"8":[0,0],"9":[0,0],"10":[0,0],"11":[0,0],"12":[0,0],"13":[0,26],"14":[0,0],"15":[0,26],"16":[0,26],"17":[0,26],"18":[26,0],"19":[0,0],"20":[0,0],"21":[0,26],"22":[0,0],"23":[0,26],"24":[26,0],"25":[26,0],"26":[0,26],"27":[1,0],"28":[1,0],"29":[1,1],"30":[0,1],"31":[0,0],"32":[0,0]},"branchMap":{"0":{"line":57,"loc":{"end":{"column":5,"line":59},"start":{"column":4,"line":57}},"locations":[{"end":{"column":5,"line":59},"start":{"column":4,"line":57}},{"end":{"column":null,"line":null},"start":{"column":null,"line":null}}],"type":"if"},"1":{"line":67,"loc":{"end":{"column":5,"line":69},"start":{"column":4,"line":67}},"locations":[{"end":{"column":5,"line":69},"start":{"column":4,"line":67}},{"end":{"column":null,"line":null},"start":{"column":null,"line":null}}],"type":"if"},"2":{"line":68,"loc":{"end":{"column":81,"line":68},"start":{"column":20,"line":68}},"locations":[{"end":{"column":74,"line":68},"start":{"column":49,"line":68}},{"end":{"column":81,"line":68},"start":{"column":77,"line":68}}],"type":"cond-expr"},"3":{"line":73,"loc":{"end":{"column":80,"line":73},"start":{"column":18,"line":73}},"locations":[{"end":{"column":73,"line":73},"start":{"column":48,"line":73}},{"end":{"column":80,"line":73},"start":{"column":76,"line":73}}],"type":"cond-expr"},"4":{"line":76,"loc":{"end":{"column":70,"line":76},"start":{"column":17,"line":76}},"locations":[{"end":{"column":63,"line":76},"start":{"column":35,"line":76}},{"end":{"column":70,"line":76},"start":{"column":66,"line":76}}],"type":"cond-expr"},"5":{"line":77,"loc":{"end":{"column":138,"line":77},"start":{"column":17,"line":77}},"locations":[{"end":{"column":63,"line":77},"start":{"column":33,"line":77}},{"end":{"column":138,"line":77},"start":{"column":66,"line":77}}],"type":"cond-expr"},"6":{"line":77,"loc":{"end":{"column":138,"line":77},"start":{"column":66,"line":77}},"locations":[{"end":{"column":131,"line":77},"start":{"column":93,"line":77}},{"end":{"column":138,"line":77},"start":{"column":134,"line":77}}],"type":"cond-expr"},"7":{"line":80,"loc":{"end":{"column":65,"line":80},"start":{"column":17,"line":80}},"locations":[{"end":{"column":58,"line":80},"start":{"column":31,"line":80}},{"end":{"column":65,"line":80},"start":{"column":61,"line":80}}],"type":"cond-expr"},"8":{"line":90,"loc":{"end":{"column":46,"line":90},"start":{"column":6,"line":90}},"locations":[{"end":{"column":39,"line":90},"start":{"column":29,"line":90}},{"end":{"column":46,"line":90},"start":{"column":42,"line":90}}],"type":"cond-expr"},"9":{"line":93,"loc":{"end":{"column":5,"line":96},"start":{"column":4,"line":93}},"locations":[{"end":{"column":5,"line":96},"start":{"column":4,"line":93}},{"end":{"column":null,"line":null},"start":{"column":null,"line":null}}],"type":"if"},"10":{"line":97,"loc":{"end":{"column":5,"line":100},"start":{"column":4,"line":97}},"locations":[{"end":{"column":5,"line":100},"start":{"column":4,"line":97}},{"end":{"column":null,"line":null},"start":{"column":null,"line":null}}],"type":"if"},"11":{"line":97,"loc":{"end":{"column":43,"line":97},"start":{"column":8,"line":97}},"locations":[{"end":{"column":25,"line":97},"start":{"column":8,"line":97}},{"end":{"column":43,"line":97},"start":{"column":29,"line":97}}],"type":"binary-expr"},"12":{"line":122,"loc":{"end":{"column":7,"line":124},"start":{"column":6,"line":122}},"locations":[{"end":{"column":7,"line":124},"start":{"column":6,"line":122}},{"end":{"column":null,"line":null},"start":{"column":null,"line":null}}],"type":"if"},"13":{"line":134,"loc":{"end":{"column":11,"line":161},"start":{"column":2,"line":134}},"locations":[{"end":{"column":11,"line":161},"start":{"column":2,"line":134}},{"end":{"column":null,"line":null},"start":{"column":null,"line":null}}],"type":"if"},"14":{"line":183,"loc":{"end":{"column":63,"line":183},"start":{"column":20,"line":183}},"locations":[{"end":{"column":56,"line":183},"start":{"column":45,"line":183}},{"end":{"column":63,"line":183},"start":{"column":59,"line":183}}],"type":"cond-expr"},"15":{"line":231,"loc":{"end":{"column":50,"line":231},"start":{"column":20,"line":231}},"locations":[{"end":{"column":37,"line":231},"start":{"column":31,"line":231}},{"end":{"column":50,"line":231},"start":{"column":40,"line":231}}],"type":"cond-expr"},"16":{"line":235,"loc":{"end":{"column":60,"line":235},"start":{"column":37,"line":235}},"locations":[{"end":{"column":55,"line":235},"start":{"column":47,"line":235}},{"end":{"column":60,"line":235},"start":{"column":58,"line":235}}],"type":"cond-expr"},"17":{"line":247,"loc":{"end":{"column":154,"line":247},"start":{"column":136,"line":247}},"locations":[{"end":{"column":149,"line":247},"start":{"column":147,"line":247}},{"end":{"column":154,"line":247},"start":{"column":152,"line":247}}],"type":"cond-expr"},"18":{"line":257,"loc":{"end":{"column":16,"line":290},"start":{"column":8,"line":257}},"locations":[{"end":{"column":16,"line":257},"start":{"column":8,"line":257}},{"end":{"column":16,"line":290},"start":{"column":36,"line":257}}],"type":"binary-expr"},"19":{"line":361,"loc":{"end":{"column":120,"line":361},"start":{"column":26,"line":361}},"locations":[{"end":{"column":62,"line":361},"start":{"column":51,"line":361}},{"end":{"column":120,"line":361},"start":{"column":65,"line":361}}],"type":"cond-expr"},"20":{"line":361,"loc":{"end":{"column":120,"line":361},"start":{"column":65,"line":361}},"locations":[{"end":{"column":113,"line":361},"start":{"column":101,"line":361}},{"end":{"column":120,"line":361},"start":{"column":116,"line":361}}],"type":"cond-expr"},"21":{"line":364,"loc":{"end":{"column":62,"line":364},"start":{"column":38,"line":364}},"locations":[{"end":{"column":57,"line":364},"start":{"column":49,"line":364}},{"end":{"column":62,"line":364},"start":{"column":60,"line":364}}],"type":"cond-expr"},"22":{"line":411,"loc":{"end":{"column":77,"line":411},"start":{"column":25,"line":411}},"locations":[{"end":{"column":70,"line":411},"start":{"column":43,"line":411}},{"end":{"column":77,"line":411},"start":{"column":73,"line":411}}],"type":"cond-expr"},"23":{"line":413,"loc":{"end":{"column":58,"line":413},"start":{"column":31,"line":413}},"locations":[{"end":{"column":53,"line":413},"start":{"column":45,"line":413}},{"end":{"column":58,"line":413},"start":{"column":56,"line":413}}],"type":"cond-expr"},"24":{"line":448,"loc":{"end":{"column":14,"line":452},"start":{"column":6,"line":448}},"locations":[{"end":{"column":17,"line":448},"start":{"column":6,"line":448}},{"end":{"column":14,"line":452},"start":{"column":37,"line":448}}],"type":"binary-expr"},"25":{"line":468,"loc":{"end":{"column":12,"line":472},"start":{"column":4,"line":468}},"locations":[{"end":{"column":13,"line":468},"start":{"column":4,"line":468}},{"end":{"column":12,"line":472},"start":{"column":33,"line":468}}],"type":"binary-expr"},"26":{"line":473,"loc":{"end":{"column":191,"line":473},"start":{"column":141,"line":473}},"locations":[{"end":{"column":165,"line":473},"start":{"column":151,"line":473}},{"end":{"column":191,"line":473},"start":{"column":168,"line":473}}],"type":"cond-expr"},"27":{"line":504,"loc":{"end":{"column":97,"line":504},"start":{"column":20,"line":504}},"locations":[{"end":{"column":60,"line":504},"start":{"column":20,"line":504}},{"end":{"column":97,"line":504},"start":{"column":64,"line":504}}],"type":"binary-expr"},"28":{"line":505,"loc":{"end":{"column":1,"line":519},"start":{"column":0,"line":505}},"locations":[{"end":{"column":1,"line":519},"start":{"column":0,"line":505}},{"end":{"column":null,"line":null},"start":{"column":null,"line":null}}],"type":"if"},"29":{"line":505,"loc":{"end":{"column":35,"line":505},"start":{"column":4,"line":505}},"locations":[{"end":{"column":19,"line":505},"start":{"column":4,"line":505}},{"end":{"column":35,"line":505},"start":{"column":23,"line":505}}],"type":"binary-expr"},"30":{"line":506,"loc":{"end":{"column":3,"line":510},"start":{"column":2,"line":506}},"locations":[{"end":{"column":3,"line":510},"start":{"column":2,"line":506}},{"end":{"column":null,"line":null},"start":{"column":null,"line":null}}],"type":"if"},"31":{"line":514,"loc":{"end":{"column":31,"line":514},"start":{"column":6,"line":514}},"locations":[{"end":{"column":31,"line":514},"start":{"column":6,"line":514}},{"end":{"column":null,"line":null},"start":{"column":null,"line":null}}],"type":"if"},"32":{"line":516,"loc":{"end":{"column":75,"line":516},"start":{"column":6,"line":516}},"locations":[{"end":{"column":75,"line":516},"start":{"column":6,"line":516}},{"end":{"column":null,"line":null},"start":{"column":null,"line":null}}],"type":"if"}},"f":{"0":26,"1":2,"2":2,"3":2,"4":0,"5":10,"6":0,"7":0,"8":0,"9":0,"10":0,"11":0,"12":0,"13":0,"14":0,"15":0,"16":0,"17":0,"18":288,"19":0,"20":0,"21":1,"22":1,"23":0,"24":1,"25":1},"fnMap":{"0":{"decl":{"end":{"column":31,"line":19},"start":{"column":24,"line":19}},"line":19,"loc":{"end":{"column":1,"line":496},"start":{"column":46,"line":19}},"name":"OrgForm"},"1":{"decl":{"end":{"column":13,"line":47},"start":{"column":12,"line":47}},"line":47,"loc":{"end":{"column":3,"line":49},"start":{"column":18,"line":47}},"name":"(anonymous_1)"},"2":{"decl":{"end":{"column":38,"line":48},"start":{"column":37,"line":48}},"line":48,"loc":{"end":{"column":56,"line":48},"start":{"column":46,"line":48}},"name":"(anonymous_2)"},"3":{"decl":{"end":{"column":64,"line":48},"start":{"column":63,"line":48}},"line":48,"loc":{"end":{"column":92,"line":48},"start":{"column":73,"line":48}},"name":"(anonymous_3)"},"4":{"decl":{"end":{"column":101,"line":48},"start":{"column":100,"line":48}},"line":48,"loc":{"end":{"column":150,"line":48},"start":{"column":106,"line":48}},"name":"(anonymous_4)"},"5":{"decl":{"end":{"column":22,"line":50},"start":{"column":11,"line":50}},"line":50,"loc":{"end":{"column":3,"line":54},"start":{"column":26,"line":50}},"name":"handlePhone"},"6":{"decl":{"end":{"column":25,"line":55},"start":{"column":11,"line":55}},"line":55,"loc":{"end":{"column":3,"line":63},"start":{"column":29,"line":55}},"name":"handleLogoFile"},"7":{"decl":{"end":{"column":21,"line":61},"start":{"column":20,"line":61}},"line":61,"loc":{"end":{"column":60,"line":61},"start":{"column":28,"line":61}},"name":"(anonymous_7)"},"8":{"decl":{"end":{"column":25,"line":64},"start":{"column":11,"line":64}},"line":64,"loc":{"end":{"column":3,"line":70},"start":{"column":29,"line":64}},"name":"handlePassword"},"9":{"decl":{"end":{"column":24,"line":71},"start":{"column":11,"line":71}},"line":71,"loc":{"end":{"column":3,"line":74},"start":{"column":28,"line":71}},"name":"handleConfirm"},"10":{"decl":{"end":{"column":29,"line":75},"start":{"column":17,"line":75}},"line":75,"loc":{"end":{"column":3,"line":133},"start":{"column":32,"line":75}},"name":"handleSubmit"},"11":{"decl":{"end":{"column":19,"line":181},"start":{"column":18,"line":181}},"line":181,"loc":{"end":{"column":9,"line":184},"start":{"column":25,"line":181}},"name":"(anonymous_11)"},"12":{"decl":{"end":{"column":97,"line":247},"start":{"column":96,"line":247}},"line":247,"loc":{"end":{"column":124,"line":247},"start":{"column":102,"line":247}},"name":"(anonymous_12)"},"13":{"decl":{"end":{"column":115,"line":247},"start":{"column":114,"line":247}},"line":247,"loc":{"end":{"column":123,"line":247},"start":{"column":121,"line":247}},"name":"(anonymous_13)"},"14":{"decl":{"end":{"column":21,"line":315},"start":{"column":20,"line":315}},"line":315,"loc":{"end":{"column":11,"line":318},"start":{"column":27,"line":315}},"name":"(anonymous_14)"},"15":{"decl":{"end":{"column":153,"line":335},"start":{"column":152,"line":335}},"line":335,"loc":{"end":{"column":185,"line":335},"start":{"column":159,"line":335}},"name":"(anonymous_15)"},"16":{"decl":{"end":{"column":23,"line":359},"start":{"column":22,"line":359}},"line":359,"loc":{"end":{"column":13,"line":362},"start":{"column":29,"line":359}},"name":"(anonymous_16)"},"17":{"decl":{"end":{"column":19,"line":409},"start":{"column":18,"line":409}},"line":409,"loc":{"end":{"column":9,"line":412},"start":{"column":25,"line":409}},"name":"(anonymous_17)"},"18":{"decl":{"end":{"column":13,"line":421},"start":{"column":12,"line":421}},"line":421,"loc":{"end":{"column":20,"line":425},"start":{"column":37,"line":421}},"name":"(anonymous_18)"},"19":{"decl":{"end":{"column":101,"line":453},"start":{"column":100,"line":453}},"line":453,"loc":{"end":{"column":129,"line":453},"start":{"column":106,"line":453}},"name":"(anonymous_19)"},"20":{"decl":{"end":{"column":80,"line":481},"start":{"column":79,"line":481}},"line":481,"loc":{"end":{"column":106,"line":481},"start":{"column":85,"line":481}},"name":"(anonymous_20)"},"21":{"decl":{"end":{"column":52,"line":497},"start":{"column":51,"line":497}},"line":497,"loc":{"end":{"column":1,"line":499},"start":{"column":62,"line":497}},"name":"(anonymous_21)"},"22":{"decl":{"end":{"column":53,"line":511},"start":{"column":52,"line":511}},"line":511,"loc":{"end":{"column":3,"line":518},"start":{"column":72,"line":511}},"name":"(anonymous_22)"},"23":{"decl":{"end":{"column":28,"line":513},"start":{"column":27,"line":513}},"line":513,"loc":{"end":{"column":5,"line":517},"start":{"column":44,"line":513}},"name":"(anonymous_23)"},"24":{"decl":{"end":{"column":21,"line":520},"start":{"column":9,"line":520}},"line":520,"loc":{"end":{"column":1,"line":522},"start":{"column":32,"line":520}},"name":"$RefreshReg$"},"25":{"decl":{"end":{"column":21,"line":523},"start":{"column":9,"line":523}},"line":523,"loc":{"end":{"column":1,"line":525},"start":{"column":24,"line":523}},"name":"$RefreshSig$"}},"hash":"a2fd0a295b43648e5f4823bf544dc8d1e8272ddf","inputSourceMap":{"file":"C:/Users/chris/all4all/src/frontend/components/OrgForm.jsx","ignoreList":[],"mappings":"AA0JgC,SAkDZ,UAlDY;;AA1JhC,SAASA,UAAUC,QAAQC,iBAAiB;AAC5C,OAAOC,WAAW;AAClB,OAAOC,eAAe;AACtB,OAAOC,sBAAsB;AAC7B,SAASC,gBAAgB;AACzB;AAAA,EACEC;AAAAA,EAAwBC;AAAAA,EACxBC;AAAAA,EAAeC;AAAAA,EACfC;AAAAA,EAAeC;AAAAA,EACfC;AAAAA,EAAaC;AAAAA,OACR;AACP,SAASC,2BAA2B;AAGpC,wBAAwBC,QAAQ,EAAEC,SAAS,GAAG;AAAAC,KAAA;AAC1C,QAAMC,WAAWb,SAASC,wBAAwBC,qBAAqB,yBAAyB;AAChG,QAAMY,QAAQd,SAASG,eAAeC,kBAAkB,2BAA2B;AAEnF,QAAM,CAACW,SAASC,UAAU,IAAItB,SAAS,EAAE;AACzC,QAAM,CAACuB,QAAQC,SAAS,IAAIxB,SAAS,IAAI;AAEzC,QAAM,CAACyB,UAAUC,WAAW,IAAI1B,SAAS,EAAE;AAC3C,QAAM,CAAC2B,UAAUC,WAAW,IAAI5B,SAAS,IAAI;AAE7C,QAAM,CAAC6B,UAASC,WAAW,IAAI9B,SAAS,EAAE;AAC1C,QAAM,CAAC+B,SAASC,UAAU,IAAIhC,SAAS,IAAI;AAC3C,QAAM,CAACiC,UAAUC,WAAW,IAAGlC,SAAS,KAAK;AAC7C,QAAM,CAACmC,SAASC,UAAU,IAAIpC,SAAS,EAAE;AACzC,QAAM,CAACqC,YAAYC,aAAa,IAAItC,SAAS,IAAI;AACjD,QAAMuC,MAAMxB,oBAAoBc,QAAQ;AAExC,QAAM,CAACW,KAAKC,MAAM,IAAIzC,SAAS,EAAE;AACjC,QAAM,CAAC0C,QAAQC,SAAS,IAAI3C,SAAS,IAAI;AAEzC,QAAM,CAAC4C,SAASC,UAAU,IAAI7C,SAAS,EAAE;AACzC,QAAM,CAAC8C,OAAOC,QAAQ,IAAI/C,SAAS,EAAE;AACrC,QAAM,CAACgD,UAAUC,WAAW,IAAIjD,SAAS,IAAI;AAE7C,QAAM,CAACkD,YAAYC,aAAa,IAAInD,SAAS,EAAE;AAC/C,QAAM,CAACoD,YAAYC,aAAa,IAAIrD,SAAS,EAAE;AAC/C,QAAM,CAACsD,aAAaC,cAAc,IAAIvD,SAAS,EAAE;AAEjD,QAAM,CAACwD,gBAAeC,iBAAiB,IAAIzD,SAAS,EAAE;AACtD,QAAM,CAAC0D,aAAYC,cAAc,IAAI3D,SAAS,IAAI;AAClD,QAAM4D,UAAU3D,OAAO,IAAI;AAC3B,QAAM,CAAC4D,SAASC,UAAU,IAAI9D,SAAS,KAAK;AAC5C,QAAM,CAAC+D,SAASC,UAAU,IAAIhE,SAAS,KAAK;AAC5C,QAAM,CAACiE,WAAWC,YAAY,IAAIlE,SAAS,IAAI;AAG/CE,YAAU,MAAM;AACZiE,UAAM,oBAAoB,EACrBC,KAAK,CAACC,QAAQA,IAAIC,KAAK,CAAC,EACxBF,KAAK,CAACG,SAASpB,cAAcoB,IAAI,CAAC,EAClCC,MAAM,MAAMjB,eAAe,4BAA4B,CAAC;AAAA,EACjE,GAAG,EAAE;AAGL,WAASkB,YAAYC,GAAG;AACpB,UAAMC,IAAI/D,YAAY8D,EAAEE,OAAOC,KAAK;AACpCnD,gBAAYiD,CAAC;AACb/C,gBAAYjB,cAAcgE,CAAC,CAAC;AAAA,EAChC;AAEA,WAASG,eAAeJ,GAAG;AACvB,UAAMK,OAAOL,EAAEE,OAAOI,MAAM,CAAC;AAC7B,QAAG,CAACD,MAAK;AACL;AAAA,IACJ;AACA,UAAME,SAAS,IAAIC,WAAW;AAC9BD,WAAOE,SAAS,CAACC,OAAOzB,eAAeyB,GAAGR,OAAOS,MAAM;AACvDJ,WAAOK,cAAcP,IAAI;AAAA,EAC7B;AAEA,WAASQ,eAAeb,GAAG;AACvB5C,gBAAY4C,EAAEE,OAAOC,KAAK;AAC1B7C,eAAWlB,iBAAiB4D,EAAEE,OAAOC,KAAK,CAAC;AAC3C,QAAG1C,SAAQ;AACPG,oBAAcoC,EAAEE,OAAOC,UAAU1C,UAAU,4BAA4B,IAAI;AAAA,IAC/E;AAAA,EACJ;AAEA,WAASqD,cAAcd,GAAG;AACtBtC,eAAWsC,EAAEE,OAAOC,KAAK;AACzBvC,kBAAcT,aAAa6C,EAAEE,OAAOC,QAAQ,4BAA4B,IAAI;AAAA,EAChF;AAEA,iBAAeY,eAAe;AAC1B,UAAMC,OAAO,CAACrE,QAAQsE,KAAK,IAAI,+BAA+B;AAC9D,UAAMC,OAAO,CAAC9C,MAAM6C,KAAK,IACvB,iCACA7C,MAAM6C,KAAK,EAAEE,SAAS,KAAK,yCAAyC;AACtErE,cAAUkE,IAAI;AACdzC,gBAAY2C,IAAI;AAEhB,UAAME,OAAO,CAAC1C,aAAa,8BAA8B;AACzDG,mBAAeuC,IAAI;AAEnB,UAAMC,SAAS;AAAA,MACX5E,SAAS6E;AAAAA,MAAKN;AAAAA,MAAMtE,MAAM4E;AAAAA,MAC1BrF,cAAcc,QAAQ;AAAA,MAAGZ,YAAY2B,GAAG;AAAA,MAAGoD;AAAAA,MAC3C9E,iBAAiBe,QAAQ;AAAA,MACzBA,aAAaM,UAAU,aAAa;AAAA,MACpC2D;AAAAA,IAAI,EACNG,OAAOC,OAAO;AAEhB,QAAGH,OAAOF,QAAO;AACb3B,mBAAa,8BAA8B;AAC3C;AAAA,IACJ;AACA,QAAG/C,SAASgF,YAAY/E,MAAM+E,UAAS;AACnCjC,mBAAa,8BAA8B;AAC3C;AAAA,IACJ;AAEAJ,eAAW,IAAI;AACfI,iBAAa,IAAI;AAEjB,QAAI;AACA,YAAMG,MAAM,MAAMF,MAAM,oBAAoB;AAAA,QACxCiC,QAAQ;AAAA,QACRC,SAAS;AAAA,UACL,gBAAgB;AAAA,QACpB;AAAA,QACAC,MAAMC,KAAKC,UAAU;AAAA,UACjBC,MAAMtF,SAASuF;AAAAA,UACftF,OAAOA,MAAMsF;AAAAA,UACbC,OAAOlF;AAAAA,UACPmF,aAAa9D;AAAAA;AAAAA,UACbjB;AAAAA;AAAAA,UACAgF,aAAazD;AAAAA;AAAAA,UACb0D,UAAUtE;AAAAA,QACd,CAAC;AAAA,MACL,CAAC;AAED,UAAI,CAAC6B,IAAI0C,IAAI;AACT,cAAM,IAAIC,MAAM,oBAAoB;AAAA,MACxC;AAEA,YAAMzC,OAAO,MAAMF,IAAIC,KAAK;AAC5B2C,cAAQC,IAAI,oBAAoB3C,KAAK4C,EAAE;AAEvCnD,iBAAW,IAAI;AAAA,IAEnB,SAASgC,KAAK;AACViB,cAAQG,MAAMpB,GAAG;AACjB9B,mBAAa,6CAA6C;AAAA,IAC9D;AAEAJ,eAAW,KAAK;AAAA,EACpB;AAEA,MAAIC,QAAS,QACT,uBAAC,SAAI,WAAU,eAAc;AAAA;AAAA,IACL,uBAAC,UAAD;AAAA;AAAA;AAAA;AAAA,WAAG;AAAA,IAC3B,uBAAC,YAAQ1C,qBAAT;AAAA;AAAA;AAAA;AAAA,WAAiB;AAAA,IAAS;AAAA,IAAwB,uBAAC,UAAD;AAAA;AAAA;AAAA;AAAA,WAAG;AAAA,IACrD,uBAAC,UAAK,uDAAN;AAAA;AAAA;AAAA;AAAA,WAA6C;AAAA,OAH7C;AAAA;AAAA;AAAA;AAAA,SAIA;AAGJ,SACI,uBAAC,SACG;AAAA,2BAAC,OAAE,WAAU,aAAY,8EAAzB;AAAA;AAAA;AAAA;AAAA,WAAuF;AAAA,IAEvF,uBAAC,SAAM,OAAM,2BAA0B,OAAOF,SAAS6E,KAAK,UAAU7E,SAASgF,UAAU,MAAK,qCAC1F,iCAAC,aAAU,OAAOhF,SAASuF,KAAK,UAAUvF,SAASkG,UAAU,aAAY,mBAAkB,OAAOlG,SAAS6E,OAA3G;AAAA;AAAA;AAAA;AAAA,WAA+G,KADnH;AAAA;AAAA;AAAA;AAAA,WAEA;AAAA,IAEA,uBAAC,SAAM,OAAM,kCAAiC,OAAOzE,QACjD;AAAA,MAAC;AAAA;AAAA,QACD,OAAOF;AAAAA,QACP,UAAU,CAACqD,MAAM;AACbpD,qBAAWoD,EAAEE,OAAOC,KAAK;AAAGrD,oBAAU,CAACkD,EAAEE,OAAOC,MAAMc,KAAK,IAAI,cAAc,IAAI;AAAA,QACrF;AAAA,QACA,aAAY;AAAA,QACZ,OAAOpE;AAAAA;AAAAA,MANP;AAAA;AAAA;AAAA;AAAA;AAAA;AAAA;AAAA;AAAA,IAMc,KAPlB;AAAA;AAAA;AAAA;AAAA,WASA;AAAA,IAEA,uBAAC,SAAI,WAAU,WACX;AAAA,6BAAC,SAAM,OAAM,wBAAuB,OAAOH,MAAM4E,KAAK,UAAU5E,MAAM+E,UACtE,iCAAC,aAAU,OAAO/E,MAAMsF,KAAK,UAAUtF,MAAMiG,UAAU,aAAY,gBAAe,MAAK,SAAQ,OAAOjG,MAAM4E,OAA5G;AAAA;AAAA;AAAA;AAAA,aAAgH,KADhH;AAAA;AAAA;AAAA;AAAA,aAEA;AAAA,MACA,uBAAC,SAAM,OAAM,kBAAiB,OAAOrE,UACrC,iCAAC,aAAU,OAAOF,UAAU,UAAUgD,aAAa,aAAY,kBAAiB,OAAO9C,YAAvF;AAAA;AAAA;AAAA;AAAA,aAAgG,KADhG;AAAA;AAAA;AAAA;AAAA,aAEA;AAAA,SANJ;AAAA;AAAA;AAAA;AAAA,WAOA;AAAA,IAEA,uBAAC,SAAI,WAAU,WACX;AAAA,6BAAC,SAAM,OAAM,cAAa,OAAOI,SAC7B;AAAA,+BAAC,SAAI,WAAU,iBACX;AAAA;AAAA,YAAC;AAAA;AAAA,cACD,MAAME,WAAW,SAAS;AAAA,cAC1B,OAAOJ;AAAAA,cACP,UAAU0D;AAAAA,cACV,aAAY;AAAA,cACZ,WAAW,YAAYxD,UAAU,WAAW,EAAE;AAAA,cAC9C,cAAa;AAAA;AAAA,YANb;AAAA;AAAA;AAAA;AAAA;AAAA;AAAA;AAAA;AAAA,UAM2B;AAAA,UAE/B,uBAAC,YAAO,MAAK,UAAS,WAAU,eAAc,SAAS,MAAMG,YAAY,CAACoF,MAAM,CAACA,CAAC,GAC7ErF,qBAAW,KAAK,MADrB;AAAA;AAAA;AAAA;AAAA,iBAEA;AAAA,aAXA;AAAA;AAAA;AAAA;AAAA,eAYJ;AAAA,QACCJ,YACG,mCACI;AAAA,iCAAC,SAAI,WAAU,oBACX,iCAAC,SAAI,WAAU,qBAAoB,OAAO,EAAE0F,OAAO,GAAGhF,IAAIiF,GAAG,KAAKC,YAAYlF,IAAImF,MAAM,KAAxF;AAAA;AAAA;AAAA;AAAA,iBAA0F,KAD9F;AAAA;AAAA;AAAA;AAAA,iBAEA;AAAA,UACA,uBAAC,SAAI,WAAU,qBACX;AAAA,mCAAC,UAAK,WAAU,sBAAqB,OAAO,EAAEA,OAAOnF,IAAImF,MAAM,GAAInF,cAAIoF,SAAvE;AAAA;AAAA;AAAA;AAAA,mBAA6E;AAAA,YAC7E,uBAAC,UAAK,WAAU,sBAAsBpF;AAAAA,kBAAIqF;AAAAA,cAAM;AAAA,iBAAhD;AAAA;AAAA;AAAA;AAAA,mBAAkD;AAAA,eAFtD;AAAA;AAAA;AAAA;AAAA,iBAGA;AAAA,aAPJ;AAAA;AAAA;AAAA;AAAA,eAQA;AAAA,WAvBJ;AAAA;AAAA;AAAA;AAAA,aAyBA;AAAA,MACA,uBAAC,SAAM,OAAM,sBAAqB,OAAOvF,YACrC,iCAAC,aAAU,OAAOF,SAAS,UAAUqD,eAAe,aAAY,mBAAkB,MAAK,YAAW,OAAOnD,cAAzG;AAAA;AAAA;AAAA;AAAA,aAAoH,KADxH;AAAA;AAAA;AAAA;AAAA,aAEA;AAAA,SA7BJ;AAAA;AAAA;AAAA;AAAA,WA8BA;AAAA,IAGA,uBAAC,SAAI,WAAU,WACX;AAAA,6BAAC,SAAM,OAAM,cAAa,OAAOK,QACjC;AAAA,QAAC;AAAA;AAAA,UACG,OAAOF;AAAAA,UACP,UAAU,CAACkC,MAAM;AACbjC,mBAAOiC,EAAEE,OAAOC,KAAK;AAAGlC,sBAAU9B,YAAY6D,EAAEE,OAAOC,KAAK,CAAC;AAAA,UACjE;AAAA,UACA,aAAY;AAAA,UACZ,OAAOnC;AAAAA;AAAAA,QANX;AAAA;AAAA;AAAA;AAAA;AAAA;AAAA;AAAA;AAAA,MAMkB,KAPlB;AAAA;AAAA;AAAA;AAAA,aASA;AAAA,MACA,uBAAC,SAAM,OAAM,sBAAqB,OAAO,MACzC,iCAAC,aAAU,OAAOE,SAAS,UAAU,CAAC8B,MAAM7B,WAAW6B,EAAEE,OAAOC,KAAK,GAAG,aAAY,iBAApF;AAAA;AAAA;AAAA;AAAA,aAAiG,KADjG;AAAA;AAAA;AAAA;AAAA,aAEA;AAAA,SAbJ;AAAA;AAAA;AAAA;AAAA,WAcA;AAAA,IAEA;AAAA,MAAC;AAAA;AAAA,QACG,OAAM;AAAA,QACN,OAAO7B;AAAAA,QACP,MAAK;AAAA,QAEL;AAAA,UAAC;AAAA;AAAA,YACD,OAAOF;AAAAA,YACP,UAAU,CAAC4B,MAAM;AACb3B,uBAAS2B,EAAEE,OAAOC,KAAK;AACvB5B,0BAAY,CAACyB,EAAEE,OAAOC,MAAMc,KAAK,IAAI,cAAcjB,EAAEE,OAAOC,MAAMc,KAAK,EAAEE,SAAS,KAAK,eAAe,IAAI;AAAA,YAC9G;AAAA,YAEA,aAAY;AAAA,YACZ,WAAW,eAAe7C,WAAW,WAAW,EAAE;AAAA;AAAA,UARlD;AAAA;AAAA;AAAA;AAAA;AAAA;AAAA;AAAA;AAAA,QAQqD;AAAA;AAAA,MAbzD;AAAA;AAAA;AAAA;AAAA;AAAA;AAAA;AAAA;AAAA,IAeA;AAAA,IAEA,uBAAC,QAAG,WAAU,iBAAd;AAAA;AAAA;AAAA;AAAA,WAA2B;AAAA,IAE3B,uBAAC,WAAM,WAAU,aAAY,OAAO,EAAE6E,SAAS,SAASC,cAAc,OAAO,GAAG,iDAAhF;AAAA;AAAA;AAAA;AAAA,WAEA;AAAA,IACA,uBAAC,oBAAiB,gBAAgC,UAAUrE,qBAA5D;AAAA;AAAA;AAAA;AAAA,WAA8E;AAAA,IAE9E,uBAAC,QAAG,WAAU,iBAAd;AAAA;AAAA;AAAA;AAAA,WAA2B;AAAA,IAE3B,uBAAC,SAAM,OAAM,2BAA0B,OAAOH,aAC1C;AAAA,MAAC;AAAA;AAAA,QACG,OAAOF;AAAAA,QACP,UAAU,CAACsB,MAAM;AACbrB,wBAAcqB,EAAEE,OAAOC,KAAK;AAC5BtB,yBAAe,CAACmB,EAAEE,OAAOC,QAAQ,8BAA8B,IAAI;AAAA,QACvE;AAAA,QACA,WAAW,YAAYvB,cAAc,WAAW,EAAE;AAAA,QAElD;AAAA,iCAAC,YAAO,OAAM,IAAG,qCAAjB;AAAA;AAAA;AAAA;AAAA,iBAAsC;AAAA,UACrCJ,WAAW6E;AAAAA,YAAI,CAACC,QACb,uBAAC,YAAoB,OAAOA,IAAIb,IAC3Ba,cAAIvB,QADIuB,IAAIb,IAAjB;AAAA;AAAA;AAAA;AAAA,mBAEA;AAAA,UACH;AAAA;AAAA;AAAA,MAbL;AAAA;AAAA;AAAA;AAAA;AAAA;AAAA;AAAA;AAAA,IAcA,KAfJ;AAAA;AAAA;AAAA;AAAA,WAgBA;AAAA,IAEA,uBAAC,WAAM,WAAU,aAAY,OAAO,EAAEU,SAAS,QAAQ,GAAG,4CAA1D;AAAA;AAAA;AAAA;AAAA,WAAsF;AAAA,IACtF,uBAAC,SAAI,WAAU,gBACVnE;AAAAA,qBAAe,uBAAC,SAAI,KAAKA,aAAa,KAAI,gBAAe,WAAU,sBAApD;AAAA;AAAA;AAAA;AAAA,aAAsE;AAAA,MACtF,uBAAC,YAAO,MAAK,UAAS,WAAU,uBAAsB,SAAS,MAAME,QAAQqE,QAAQC,MAAM,GAAG,2BAA9F;AAAA;AAAA;AAAA;AAAA,aAEA;AAAA,MACA,uBAAC,WAAM,KAAKtE,SAAS,MAAK,QAAO,QAAO,WAAU,OAAO,EAAEiE,SAAS,OAAO,GAAG,UAAU/C,kBAAxF;AAAA;AAAA;AAAA;AAAA,aAAuG;AAAA,SAL3G;AAAA;AAAA;AAAA;AAAA,WAMA;AAAA,IAECb,aAAa,uBAAC,OAAE,WAAU,kBAAkBA,uBAA/B;AAAA;AAAA;AAAA;AAAA,WAAyC;AAAA,IAEvD,uBAAC,YAAO,MAAK,UAAS,WAAU,uBAAsB,UAAUJ,SAAS,SAAS4B,cAC7E5B,oBAAU,iBAAiB,2BADhC;AAAA;AAAA;AAAA;AAAA,WAEA;AAAA,IAEA,uBAAC,SAAI,WAAU,mBAAkB;AAAA;AAAA,MACE;AAAA,MAC/B,uBAAC,YAAO,WAAU,kBAAiB,SAAS,MAAM5C,SAAS,WAAW,GAAG,4BAAzE;AAAA;AAAA;AAAA;AAAA,aAAqF;AAAA,SAFzF;AAAA;AAAA;AAAA;AAAA,WAGA;AAAA,OA1IJ;AAAA;AAAA;AAAA;AAAA,SA2IA;AAER;AAACC,GAhSuBF,SAAO;AAAA,UACVV,UACHA,QAAQ;AAAA;AAAA,KAFFU;AAAO,IAAAmH;AAAA,aAAAA,IAAA","names":["useState","useRef","useEffect","Field","TextInput","ColorWheelPicker","useAsync","validateUsernameFormat","isUsernameAvailable","validateEmail","isEmailAvailable","validatePhone","formatPhone","validateZip","validatePassword","getPasswordStrength","OrgForm","onSwitch","_s","username","email","bizName","setBizName","bizErr","setBizErr","phoneRaw","setPhoneRaw","phoneErr","setPhoneErr","password","setPassword","passErr","setPassErr","showPass","setShowPass","confirm","setConfirm","confirmErr","setConfirmErr","str","zip","setZip","zipErr","setZipErr","address","setAddress","motto","setMotto","mottoErr","setMottoErr","categories","setCategories","categoryId","setCategoryId","categoryErr","setCategoryErr","selectedColors","setSelectedColors","logoPreview","setLogoPreview","fileRef","loading","setLoading","success","setSuccess","submitErr","setSubmitErr","fetch","then","res","json","data","catch","handlePhone","e","f","target","value","handleLogoFile","file","files","reader","FileReader","onload","ev","result","readAsDataURL","handlePassword","handleConfirm","handleSubmit","bErr","trim","mErr","length","cErr","errors","err","filter","Boolean","checking","method","headers","body","JSON","stringify","name","val","phone","description","category_id","zip_code","ok","Error","console","log","id","error","onChange","s","width","pct","background","color","label","score","display","marginBottom","map","cat","current","click","_c"],"sources":["C:/Users/chris/all4all/src/frontend/components/OrgForm.jsx"],"version":3},"path":"C:/Users/chris/all4all/src/frontend/components/OrgForm.jsx","s":{"0":1,"1":26,"2":26,"3":26,"4":26,"5":26,"6":26,"7":26,"8":26,"9":26,"10":26,"11":26,"12":26,"13":26,"14":26,"15":26,"16":26,"17":26,"18":26,"19":26,"20":26,"21":26,"22":26,"23":26,"24":26,"25":26,"26":26,"27":26,"28":26,"29":2,"30":2,"31":2,"32":0,"33":10,"34":10,"35":10,"36":0,"37":0,"38":0,"39":0,"40":0,"41":0,"42":0,"43":0,"44":0,"45":0,"46":0,"47":0,"48":0,"49":0,"50":0,"51":0,"52":0,"53":0,"54":0,"55":0,"56":0,"57":0,"58":0,"59":0,"60":0,"61":0,"62":0,"63":0,"64":0,"65":0,"66":0,"67":0,"68":0,"69":0,"70":0,"71":0,"72":0,"73":0,"74":26,"75":0,"76":26,"77":0,"78":0,"79":0,"80":0,"81":0,"82":0,"83":0,"84":0,"85":0,"86":0,"87":0,"88":288,"89":0,"90":0,"91":1,"92":1,"93":1,"94":1,"95":1,"96":1,"97":1,"98":0,"99":1,"100":1,"101":1,"102":0,"103":0,"104":0,"105":0,"106":0,"107":1,"108":1},"statementMap":{"0":{"end":{"column":23,"line":2},"start":{"column":9,"line":2}},"1":{"end":{"column":7,"line":20},"start":{"column":2,"line":20}},"2":{"end":{"column":99,"line":21},"start":{"column":19,"line":21}},"3":{"end":{"column":86,"line":22},"start":{"column":16,"line":22}},"4":{"end":{"column":44,"line":23},"start":{"column":32,"line":23}},"5":{"end":{"column":44,"line":24},"start":{"column":30,"line":24}},"6":{"end":{"column":46,"line":25},"start":{"column":34,"line":25}},"7":{"end":{"column":48,"line":26},"start":{"column":34,"line":26}},"8":{"end":{"column":46,"line":27},"start":{"column":34,"line":27}},"9":{"end":{"column":46,"line":28},"start":{"column":32,"line":28}},"10":{"end":{"column":49,"line":29},"start":{"column":34,"line":29}},"11":{"end":{"column":44,"line":30},"start":{"column":32,"line":30}},"12":{"end":{"column":52,"line":31},"start":{"column":38,"line":31}},"13":{"end":{"column":43,"line":32},"start":{"column":14,"line":32}},"14":{"end":{"column":36,"line":33},"start":{"column":24,"line":33}},"15":{"end":{"column":44,"line":34},"start":{"column":30,"line":34}},"16":{"end":{"column":44,"line":35},"start":{"column":32,"line":35}},"17":{"end":{"column":40,"line":36},"start":{"column":28,"line":36}},"18":{"end":{"column":48,"line":37},"start":{"column":34,"line":37}},"19":{"end":{"column":50,"line":38},"start":{"column":38,"line":38}},"20":{"end":{"column":50,"line":39},"start":{"column":38,"line":39}},"21":{"end":{"column":52,"line":40},"start":{"column":40,"line":40}},"22":{"end":{"column":58,"line":41},"start":{"column":46,"line":41}},"23":{"end":{"column":54,"line":42},"start":{"column":40,"line":42}},"24":{"end":{"column":30,"line":43},"start":{"column":18,"line":43}},"25":{"end":{"column":47,"line":44},"start":{"column":32,"line":44}},"26":{"end":{"column":47,"line":45},"start":{"column":32,"line":45}},"27":{"end":{"column":50,"line":46},"start":{"column":36,"line":46}},"28":{"end":{"column":9,"line":49},"start":{"column":2,"line":47}},"29":{"end":{"column":152,"line":48},"start":{"column":4,"line":48}},"30":{"end":{"column":56,"line":48},"start":{"column":46,"line":48}},"31":{"end":{"column":92,"line":48},"start":{"column":73,"line":48}},"32":{"end":{"column":150,"line":48},"start":{"column":106,"line":48}},"33":{"end":{"column":41,"line":51},"start":{"column":14,"line":51}},"34":{"end":{"column":19,"line":52},"start":{"column":4,"line":52}},"35":{"end":{"column":34,"line":53},"start":{"column":4,"line":53}},"36":{"end":{"column":34,"line":56},"start":{"column":17,"line":56}},"37":{"end":{"column":5,"line":59},"start":{"column":4,"line":57}},"38":{"end":{"column":13,"line":58},"start":{"column":6,"line":58}},"39":{"end":{"column":35,"line":60},"start":{"column":19,"line":60}},"40":{"end":{"column":61,"line":61},"start":{"column":4,"line":61}},"41":{"end":{"column":60,"line":61},"start":{"column":28,"line":61}},"42":{"end":{"column":31,"line":62},"start":{"column":4,"line":62}},"43":{"end":{"column":32,"line":65},"start":{"column":4,"line":65}},"44":{"end":{"column":49,"line":66},"start":{"column":4,"line":66}},"45":{"end":{"column":5,"line":69},"start":{"column":4,"line":67}},"46":{"end":{"column":83,"line":68},"start":{"column":6,"line":68}},"47":{"end":{"column":31,"line":72},"start":{"column":4,"line":72}},"48":{"end":{"column":82,"line":73},"start":{"column":4,"line":73}},"49":{"end":{"column":70,"line":76},"start":{"column":17,"line":76}},"50":{"end":{"column":138,"line":77},"start":{"column":17,"line":77}},"51":{"end":{"column":20,"line":78},"start":{"column":4,"line":78}},"52":{"end":{"column":22,"line":79},"start":{"column":4,"line":79}},"53":{"end":{"column":65,"line":80},"start":{"column":17,"line":80}},"54":{"end":{"column":25,"line":81},"start":{"column":4,"line":81}},"55":{"end":{"column":21,"line":92},"start":{"column":19,"line":82}},"56":{"end":{"column":5,"line":96},"start":{"column":4,"line":93}},"57":{"end":{"column":51,"line":94},"start":{"column":6,"line":94}},"58":{"end":{"column":13,"line":95},"start":{"column":6,"line":95}},"59":{"end":{"column":5,"line":100},"start":{"column":4,"line":97}},"60":{"end":{"column":51,"line":98},"start":{"column":6,"line":98}},"61":{"end":{"column":13,"line":99},"start":{"column":6,"line":99}},"62":{"end":{"column":21,"line":101},"start":{"column":4,"line":101}},"63":{"end":{"column":23,"line":102},"start":{"column":4,"line":102}},"64":{"end":{"column":5,"line":131},"start":{"column":4,"line":103}},"65":{"end":{"column":8,"line":121},"start":{"column":18,"line":104}},"66":{"end":{"column":7,"line":124},"start":{"column":6,"line":122}},"67":{"end":{"column":46,"line":123},"start":{"column":8,"line":123}},"68":{"end":{"column":35,"line":125},"start":{"column":19,"line":125}},"69":{"end":{"column":47,"line":126},"start":{"column":6,"line":126}},"70":{"end":{"column":23,"line":127},"start":{"column":6,"line":127}},"71":{"end":{"column":25,"line":129},"start":{"column":6,"line":129}},"72":{"end":{"column":66,"line":130},"start":{"column":6,"line":130}},"73":{"end":{"column":22,"line":132},"start":{"column":4,"line":132}},"74":{"end":{"column":11,"line":161},"start":{"column":2,"line":134}},"75":{"end":{"column":11,"line":161},"start":{"column":15,"line":134}},"76":{"end":{"column":11,"line":495},"start":{"column":2,"line":162}},"77":{"end":{"column":37,"line":182},"start":{"column":10,"line":182}},"78":{"end":{"column":65,"line":183},"start":{"column":10,"line":183}},"79":{"end":{"column":124,"line":247},"start":{"column":102,"line":247}},"80":{"end":{"column":123,"line":247},"start":{"column":121,"line":247}},"81":{"end":{"column":35,"line":316},"start":{"column":12,"line":316}},"82":{"end":{"column":51,"line":317},"start":{"column":12,"line":317}},"83":{"end":{"column":185,"line":335},"start":{"column":159,"line":335}},"84":{"end":{"column":39,"line":360},"start":{"column":14,"line":360}},"85":{"end":{"column":122,"line":361},"start":{"column":14,"line":361}},"86":{"end":{"column":40,"line":410},"start":{"column":10,"line":410}},"87":{"end":{"column":79,"line":411},"start":{"column":10,"line":411}},"88":{"end":{"column":20,"line":425},"start":{"column":37,"line":421}},"89":{"end":{"column":129,"line":453},"start":{"column":106,"line":453}},"90":{"end":{"column":106,"line":481},"start":{"column":85,"line":481}},"91":{"end":{"column":3,"line":499},"start":{"column":0,"line":497}},"92":{"end":{"column":30,"line":498},"start":{"column":2,"line":498}},"93":{"end":{"column":13,"line":500},"start":{"column":0,"line":500}},"94":{"end":{"column":28,"line":502},"start":{"column":0,"line":502}},"95":{"end":{"column":97,"line":504},"start":{"column":20,"line":504}},"96":{"end":{"column":1,"line":519},"start":{"column":0,"line":505}},"97":{"end":{"column":3,"line":510},"start":{"column":2,"line":506}},"98":{"end":{"column":6,"line":509},"start":{"column":4,"line":507}},"99":{"end":{"column":5,"line":518},"start":{"column":2,"line":511}},"100":{"end":{"column":128,"line":512},"start":{"column":4,"line":512}},"101":{"end":{"column":7,"line":517},"start":{"column":4,"line":513}},"102":{"end":{"column":31,"line":514},"start":{"column":6,"line":514}},"103":{"end":{"column":31,"line":514},"start":{"column":24,"line":514}},"104":{"end":{"column":177,"line":515},"start":{"column":32,"line":515}},"105":{"end":{"column":75,"line":516},"start":{"column":6,"line":516}},"106":{"end":{"column":75,"line":516},"start":{"column":29,"line":516}},"107":{"end":{"column":107,"line":521},"start":{"column":2,"line":521}},"108":{"end":{"column":62,"line":524},"start":{"column":2,"line":524}}}},"C:/Users/chris/all4all/src/frontend/components/SignIn.jsx":{"_coverageSchema":"1a1c01bbd47fc00a2c39e90264f33305004495a9","b":{"0":[0,0],"1":[0,0],"2":[0,0],"3":[0,2],"4":[2,0],"5":[0,2],"6":[1,0],"7":[1,0],"8":[1,1],"9":[0,1],"10":[0,0],"11":[0,0]},"branchMap":{"0":{"line":16,"loc":{"end":{"column":5,"line":19},"start":{"column":4,"line":16}},"locations":[{"end":{"column":5,"line":19},"start":{"column":4,"line":16}},{"end":{"column":null,"line":null},"start":{"column":null,"line":null}}],"type":"if"},"1":{"line":16,"loc":{"end":{"column":30,"line":16},"start":{"column":8,"line":16}},"locations":[{"end":{"column":17,"line":16},"start":{"column":8,"line":16}},{"end":{"column":30,"line":16},"start":{"column":21,"line":16}}],"type":"binary-expr"},"2":{"line":34,"loc":{"end":{"column":7,"line":37},"start":{"column":6,"line":34}},"locations":[{"end":{"column":7,"line":37},"start":{"column":6,"line":34}},{"end":{"column":null,"line":null},"start":{"column":null,"line":null}}],"type":"if"},"3":{"line":50,"loc":{"end":{"column":11,"line":72},"start":{"column":2,"line":50}},"locations":[{"end":{"column":11,"line":72},"start":{"column":2,"line":50}},{"end":{"column":null,"line":null},"start":{"column":null,"line":null}}],"type":"if"},"4":{"line":121,"loc":{"end":{"column":12,"line":125},"start":{"column":4,"line":121}},"locations":[{"end":{"column":9,"line":121},"start":{"column":4,"line":121}},{"end":{"column":12,"line":125},"start":{"column":29,"line":121}}],"type":"binary-expr"},"5":{"line":126,"loc":{"end":{"column":164,"line":126},"start":{"column":129,"line":126}},"locations":[{"end":{"column":152,"line":126},"start":{"column":139,"line":126}},{"end":{"column":164,"line":126},"start":{"column":155,"line":126}}],"type":"cond-expr"},"6":{"line":155,"loc":{"end":{"column":97,"line":155},"start":{"column":20,"line":155}},"locations":[{"end":{"column":60,"line":155},"start":{"column":20,"line":155}},{"end":{"column":97,"line":155},"start":{"column":64,"line":155}}],"type":"binary-expr"},"7":{"line":156,"loc":{"end":{"column":1,"line":170},"start":{"column":0,"line":156}},"locations":[{"end":{"column":1,"line":170},"start":{"column":0,"line":156}},{"end":{"column":null,"line":null},"start":{"column":null,"line":null}}],"type":"if"},"8":{"line":156,"loc":{"end":{"column":35,"line":156},"start":{"column":4,"line":156}},"locations":[{"end":{"column":19,"line":156},"start":{"column":4,"line":156}},{"end":{"column":35,"line":156},"start":{"column":23,"line":156}}],"type":"binary-expr"},"9":{"line":157,"loc":{"end":{"column":3,"line":161},"start":{"column":2,"line":157}},"locations":[{"end":{"column":3,"line":161},"start":{"column":2,"line":157}},{"end":{"column":null,"line":null},"start":{"column":null,"line":null}}],"type":"if"},"10":{"line":165,"loc":{"end":{"column":31,"line":165},"start":{"column":6,"line":165}},"locations":[{"end":{"column":31,"line":165},"start":{"column":6,"line":165}},{"end":{"column":null,"line":null},"start":{"column":null,"line":null}}],"type":"if"},"11":{"line":167,"loc":{"end":{"column":75,"line":167},"start":{"column":6,"line":167}},"locations":[{"end":{"column":75,"line":167},"start":{"column":6,"line":167}},{"end":{"column":null,"line":null},"start":{"column":null,"line":null}}],"type":"if"}},"f":{"0":2,"1":0,"2":0,"3":0,"4":0,"5":1,"6":0,"7":1,"8":1},"fnMap":{"0":{"decl":{"end":{"column":30,"line":7},"start":{"column":24,"line":7}},"line":7,"loc":{"end":{"column":1,"line":149},"start":{"column":45,"line":7}},"name":"SignIn"},"1":{"decl":{"end":{"column":29,"line":15},"start":{"column":17,"line":15}},"line":15,"loc":{"end":{"column":3,"line":49},"start":{"column":32,"line":15}},"name":"handleSubmit"},"2":{"decl":{"end":{"column":19,"line":83},"start":{"column":18,"line":83}},"line":83,"loc":{"end":{"column":52,"line":83},"start":{"column":25,"line":83}},"name":"(anonymous_2)"},"3":{"decl":{"end":{"column":19,"line":104},"start":{"column":18,"line":104}},"line":104,"loc":{"end":{"column":52,"line":104},"start":{"column":25,"line":104}},"name":"(anonymous_3)"},"4":{"decl":{"end":{"column":80,"line":134},"start":{"column":79,"line":134}},"line":134,"loc":{"end":{"column":106,"line":134},"start":{"column":85,"line":134}},"name":"(anonymous_4)"},"5":{"decl":{"end":{"column":53,"line":162},"start":{"column":52,"line":162}},"line":162,"loc":{"end":{"column":3,"line":169},"start":{"column":72,"line":162}},"name":"(anonymous_5)"},"6":{"decl":{"end":{"column":28,"line":164},"start":{"column":27,"line":164}},"line":164,"loc":{"end":{"column":5,"line":168},"start":{"column":44,"line":164}},"name":"(anonymous_6)"},"7":{"decl":{"end":{"column":21,"line":171},"start":{"column":9,"line":171}},"line":171,"loc":{"end":{"column":1,"line":173},"start":{"column":32,"line":171}},"name":"$RefreshReg$"},"8":{"decl":{"end":{"column":21,"line":174},"start":{"column":9,"line":174}},"line":174,"loc":{"end":{"column":1,"line":176},"start":{"column":24,"line":174}},"name":"$RefreshSig$"}},"hash":"5c188b2f335819f799b1754e7b77f3855ef88c3f","inputSourceMap":{"file":"C:/Users/chris/all4all/src/frontend/components/SignIn.jsx","ignoreList":[],"mappings":"AAwDoB;;AAxDpB,SAASA,gBAAgB;AACzB,OAAOC,WAAW;AAClB,OAAOC,eAAe;AACtB,SAASC,QAAQC,aAAa;AAE9B,wBAAwBC,OAAO,EAAEC,SAAS,GAAG;AAAAC,KAAA;AAC3C,QAAM,CAACC,UAAUC,WAAW,IAAIT,SAAS,EAAE;AAC3C,QAAM,CAACU,UAAUC,WAAW,IAAIX,SAAS,EAAE;AAC3C,QAAM,CAACY,OAAOC,QAAQ,IAAIb,SAAS,IAAI;AACvC,QAAM,CAACc,OAAOC,QAAQ,IAAIf,SAAS,IAAI;AACvC,QAAM,CAACgB,SAASC,UAAU,IAAIjB,SAAS,KAAK;AAC5C,QAAM,CAACkB,SAASC,UAAU,IAAInB,SAAS,KAAK;AAE5C,iBAAeoB,eAAe;AAC5B,QAAI,CAACZ,YAAY,CAACE,UAAU;AAC1BK,eAAS,4BAA4B;AACrC;AAAA,IACF;AAEAE,eAAW,IAAI;AACfF,aAAS,IAAI;AACb,UAAMX,MAAM,GAAG;AAEf,QAAI;AACF,YAAMiB,MAAM,MAAMC,MAAM,cAAc;AAAA,QACpCC,QAAQ;AAAA,QACRC,SAAS;AAAA,UACP,gBAAgB;AAAA,QAClB;AAAA,QACAC,MAAMC,KAAKC,UAAU;AAAA,UACnBnB;AAAAA,UACAE;AAAAA,QACF,CAAC;AAAA,MACH,CAAC;AAED,UAAI,CAACW,IAAIO,IAAI;AACX,cAAMC,UAAU,MAAMR,IAAIS,KAAK;AAC/B,cAAM,IAAIC,MAAMF,OAAO;AAAA,MACzB;AACA,YAAMG,OAAO,MAAMX,IAAIY,KAAK;AAC5BpB,eAASmB,KAAKpB,KAAK;AACnBH,kBAAYuB,KAAKE,KAAK1B,QAAQ;AAC9B2B,cAAQC,IAAI,gCAAgCJ,KAAKE,KAAK1B,QAAQ;AAE9DW,iBAAW,IAAI;AAAA,IAEjB,SAASkB,KAAK;AACZF,cAAQrB,MAAMuB,GAAG;AACjBtB,eAASsB,GAAG;AACZlB,iBAAW,KAAK;AAAA,IAClB;AACAF,eAAW,KAAK;AAAA,EAClB;AAEA,MAAIC,QAAS,QACX,uBAAC,SAAI,WAAU,eAAc;AAAA;AAAA,IACb,uBAAC,YAAQV,sBAAT;AAAA;AAAA;AAAA;AAAA,WAAkB;AAAA,IAAS;AAAA,IAAC,uBAAC,UAAD;AAAA;AAAA;AAAA;AAAA,WAAG;AAAA,IAC7C,uBAAC,UAAK,sCAAN;AAAA;AAAA;AAAA;AAAA,WAA4B;AAAA,OAF9B;AAAA;AAAA;AAAA;AAAA,SAGA;AAGF,SACE,uBAAC,SACC;AAAA,2BAAC,OAAE,WAAU,2BAA0B,sEAAvC;AAAA;AAAA;AAAA;AAAA,WAA6F;AAAA,IAE7F,uBAAC,SAAM,OAAM,YAAW,OAAO,MAC7B;AAAA,MAAC;AAAA;AAAA,QACC,OAAOA;AAAAA,QACP,UAAU,CAAC8B,MAAM7B,YAAY6B,EAAEC,OAAOC,KAAK;AAAA,QAC3C,aAAY;AAAA;AAAA,MAHd;AAAA;AAAA;AAAA;AAAA;AAAA;AAAA;AAAA;AAAA,IAG6B,KAJ/B;AAAA;AAAA;AAAA;AAAA,WAMA;AAAA,IAEA,uBAAC,SAAM,OAAM,YAAW,OAAO,MAC7B;AAAA,MAAC;AAAA;AAAA,QACC,MAAK;AAAA,QACL,OAAO9B;AAAAA,QACP,UAAU,CAAC4B,MAAM3B,YAAY2B,EAAEC,OAAOC,KAAK;AAAA,QAC3C,aAAY;AAAA,QACZ,WAAU;AAAA;AAAA,MALZ;AAAA;AAAA;AAAA;AAAA;AAAA;AAAA;AAAA;AAAA,IAKuB,KANzB;AAAA;AAAA;AAAA;AAAA,WAQA;AAAA,IAEC1B,SAAS,uBAAC,OAAE,WAAU,WAAWA,mBAAxB;AAAA;AAAA;AAAA;AAAA,WAA8B;AAAA,IAExC,uBAAC,YAAO,MAAK,UAAS,WAAU,WAAU,UAAUE,SAAS,SAASI,cACnEJ,oBAAU,gBAAgB,aAD7B;AAAA;AAAA;AAAA;AAAA,WAEA;AAAA,IAEA,uBAAC,SAAI,WAAU,mBAAkB;AAAA;AAAA,MACR;AAAA,MACvB,uBAAC,YAAO,WAAU,kBAAiB,SAAS,MAAMV,SAAS,WAAW,GAAG,0BAAzE;AAAA;AAAA;AAAA;AAAA,aAAmF;AAAA,SAFrF;AAAA;AAAA;AAAA;AAAA,WAGA;AAAA,OA9BF;AAAA;AAAA;AAAA;AAAA,SA+BA;AAEJ;AAACC,GA1FuBF,QAAM;AAAA,KAANA;AAAM,IAAAoC;AAAA,aAAAA,IAAA","names":["useState","Field","TextInput","_users","delay","SignIn","onSwitch","_s","username","setUsername","password","setPassword","token","setToken","error","setError","loading","setLoading","success","setSuccess","handleSubmit","res","fetch","method","headers","body","JSON","stringify","ok","message","text","Error","data","json","user","console","log","err","e","target","value","_c"],"sources":["C:/Users/chris/all4all/src/frontend/components/SignIn.jsx"],"version":3},"path":"C:/Users/chris/all4all/src/frontend/components/SignIn.jsx","s":{"0":1,"1":2,"2":2,"3":2,"4":2,"5":2,"6":2,"7":2,"8":0,"9":0,"10":0,"11":0,"12":0,"13":0,"14":0,"15":0,"16":0,"17":0,"18":0,"19":0,"20":0,"21":0,"22":0,"23":0,"24":0,"25":0,"26":0,"27":0,"28":2,"29":0,"30":2,"31":0,"32":0,"33":0,"34":1,"35":1,"36":1,"37":1,"38":1,"39":1,"40":0,"41":1,"42":1,"43":1,"44":0,"45":0,"46":0,"47":0,"48":0,"49":1,"50":1},"statementMap":{"0":{"end":{"column":23,"line":2},"start":{"column":9,"line":2}},"1":{"end":{"column":7,"line":8},"start":{"column":2,"line":8}},"2":{"end":{"column":46,"line":9},"start":{"column":34,"line":9}},"3":{"end":{"column":46,"line":10},"start":{"column":34,"line":10}},"4":{"end":{"column":42,"line":11},"start":{"column":28,"line":11}},"5":{"end":{"column":42,"line":12},"start":{"column":28,"line":12}},"6":{"end":{"column":47,"line":13},"start":{"column":32,"line":13}},"7":{"end":{"column":47,"line":14},"start":{"column":32,"line":14}},"8":{"end":{"column":5,"line":19},"start":{"column":4,"line":16}},"9":{"end":{"column":45,"line":17},"start":{"column":6,"line":17}},"10":{"end":{"column":13,"line":18},"start":{"column":6,"line":18}},"11":{"end":{"column":21,"line":20},"start":{"column":4,"line":20}},"12":{"end":{"column":19,"line":21},"start":{"column":4,"line":21}},"13":{"end":{"column":21,"line":22},"start":{"column":4,"line":22}},"14":{"end":{"column":5,"line":47},"start":{"column":4,"line":23}},"15":{"end":{"column":8,"line":33},"start":{"column":18,"line":24}},"16":{"end":{"column":7,"line":37},"start":{"column":6,"line":34}},"17":{"end":{"column":40,"line":35},"start":{"column":24,"line":35}},"18":{"end":{"column":33,"line":36},"start":{"column":8,"line":36}},"19":{"end":{"column":35,"line":38},"start":{"column":19,"line":38}},"20":{"end":{"column":27,"line":39},"start":{"column":6,"line":39}},"21":{"end":{"column":38,"line":40},"start":{"column":6,"line":40}},"22":{"end":{"column":70,"line":41},"start":{"column":6,"line":41}},"23":{"end":{"column":23,"line":42},"start":{"column":6,"line":42}},"24":{"end":{"column":25,"line":44},"start":{"column":6,"line":44}},"25":{"end":{"column":20,"line":45},"start":{"column":6,"line":45}},"26":{"end":{"column":24,"line":46},"start":{"column":6,"line":46}},"27":{"end":{"column":22,"line":48},"start":{"column":4,"line":48}},"28":{"end":{"column":11,"line":72},"start":{"column":2,"line":50}},"29":{"end":{"column":11,"line":72},"start":{"column":15,"line":50}},"30":{"end":{"column":11,"line":148},"start":{"column":2,"line":73}},"31":{"end":{"column":52,"line":83},"start":{"column":25,"line":83}},"32":{"end":{"column":52,"line":104},"start":{"column":25,"line":104}},"33":{"end":{"column":106,"line":134},"start":{"column":85,"line":134}},"34":{"end":{"column":43,"line":150},"start":{"column":0,"line":150}},"35":{"end":{"column":12,"line":151},"start":{"column":0,"line":151}},"36":{"end":{"column":27,"line":153},"start":{"column":0,"line":153}},"37":{"end":{"column":97,"line":155},"start":{"column":20,"line":155}},"38":{"end":{"column":1,"line":170},"start":{"column":0,"line":156}},"39":{"end":{"column":3,"line":161},"start":{"column":2,"line":157}},"40":{"end":{"column":6,"line":160},"start":{"column":4,"line":158}},"41":{"end":{"column":5,"line":169},"start":{"column":2,"line":162}},"42":{"end":{"column":127,"line":163},"start":{"column":4,"line":163}},"43":{"end":{"column":7,"line":168},"start":{"column":4,"line":164}},"44":{"end":{"column":31,"line":165},"start":{"column":6,"line":165}},"45":{"end":{"column":31,"line":165},"start":{"column":24,"line":165}},"46":{"end":{"column":176,"line":166},"start":{"column":32,"line":166}},"47":{"end":{"column":75,"line":167},"start":{"column":6,"line":167}},"48":{"end":{"column":75,"line":167},"start":{"column":29,"line":167}},"49":{"end":{"column":106,"line":172},"start":{"column":2,"line":172}},"50":{"end":{"column":62,"line":175},"start":{"column":2,"line":175}}}},"C:/Users/chris/all4all/src/frontend/components/VolunteerForm.jsx":{"_coverageSchema":"1a1c01bbd47fc00a2c39e90264f33305004495a9","b":{"0":[0,0],"1":[0,0],"2":[0,0],"3":[0,0],"4":[0,0],"5":[0,0],"6":[0,0],"7":[0,0],"8":[0,0],"9":[0,0],"10":[0,0],"11":[0,0],"12":[0,0],"13":[0,0],"14":[0,0],"15":[0,0],"16":[0,0],"17":[0,0],"18":[0,0],"19":[1,0],"20":[1,0],"21":[1,1],"22":[0,1],"23":[0,0],"24":[0,0]},"branchMap":{"0":{"line":20,"loc":{"end":{"column":118,"line":20},"start":{"column":36,"line":20}},"locations":[{"end":{"column":74,"line":20},"start":{"column":49,"line":20}},{"end":{"column":118,"line":20},"start":{"column":77,"line":20}}],"type":"cond-expr"},"1":{"line":20,"loc":{"end":{"column":118,"line":20},"start":{"column":77,"line":20}},"locations":[{"end":{"column":111,"line":20},"start":{"column":99,"line":20}},{"end":{"column":118,"line":20},"start":{"column":114,"line":20}}],"type":"cond-expr"},"2":{"line":21,"loc":{"end":{"column":116,"line":21},"start":{"column":35,"line":21}},"locations":[{"end":{"column":72,"line":21},"start":{"column":48,"line":21}},{"end":{"column":116,"line":21},"start":{"column":75,"line":21}}],"type":"cond-expr"},"3":{"line":21,"loc":{"end":{"column":116,"line":21},"start":{"column":75,"line":21}},"locations":[{"end":{"column":109,"line":21},"start":{"column":97,"line":21}},{"end":{"column":116,"line":21},"start":{"column":112,"line":21}}],"type":"cond-expr"},"4":{"line":45,"loc":{"end":{"column":5,"line":47},"start":{"column":4,"line":45}},"locations":[{"end":{"column":5,"line":47},"start":{"column":4,"line":45}},{"end":{"column":null,"line":null},"start":{"column":null,"line":null}}],"type":"if"},"5":{"line":46,"loc":{"end":{"column":81,"line":46},"start":{"column":20,"line":46}},"locations":[{"end":{"column":74,"line":46},"start":{"column":49,"line":46}},{"end":{"column":81,"line":46},"start":{"column":77,"line":46}}],"type":"cond-expr"},"6":{"line":51,"loc":{"end":{"column":80,"line":51},"start":{"column":18,"line":51}},"locations":[{"end":{"column":73,"line":51},"start":{"column":48,"line":51}},{"end":{"column":80,"line":51},"start":{"column":76,"line":51}}],"type":"cond-expr"},"7":{"line":61,"loc":{"end":{"column":46,"line":61},"start":{"column":6,"line":61}},"locations":[{"end":{"column":39,"line":61},"start":{"column":29,"line":61}},{"end":{"column":46,"line":61},"start":{"column":42,"line":61}}],"type":"cond-expr"},"8":{"line":64,"loc":{"end":{"column":5,"line":67},"start":{"column":4,"line":64}},"locations":[{"end":{"column":5,"line":67},"start":{"column":4,"line":64}},{"end":{"column":null,"line":null},"start":{"column":null,"line":null}}],"type":"if"},"9":{"line":68,"loc":{"end":{"column":5,"line":71},"start":{"column":4,"line":68}},"locations":[{"end":{"column":5,"line":71},"start":{"column":4,"line":68}},{"end":{"column":null,"line":null},"start":{"column":null,"line":null}}],"type":"if"},"10":{"line":68,"loc":{"end":{"column":43,"line":68},"start":{"column":8,"line":68}},"locations":[{"end":{"column":25,"line":68},"start":{"column":8,"line":68}},{"end":{"column":43,"line":68},"start":{"column":29,"line":68}}],"type":"binary-expr"},"11":{"line":90,"loc":{"end":{"column":7,"line":92},"start":{"column":6,"line":90}},"locations":[{"end":{"column":7,"line":92},"start":{"column":6,"line":90}},{"end":{"column":null,"line":null},"start":{"column":null,"line":null}}],"type":"if"},"12":{"line":102,"loc":{"end":{"column":11,"line":124},"start":{"column":2,"line":102}},"locations":[{"end":{"column":11,"line":124},"start":{"column":2,"line":102}},{"end":{"column":null,"line":null},"start":{"column":null,"line":null}}],"type":"if"},"13":{"line":188,"loc":{"end":{"column":50,"line":188},"start":{"column":20,"line":188}},"locations":[{"end":{"column":37,"line":188},"start":{"column":31,"line":188}},{"end":{"column":50,"line":188},"start":{"column":40,"line":188}}],"type":"cond-expr"},"14":{"line":192,"loc":{"end":{"column":60,"line":192},"start":{"column":37,"line":192}},"locations":[{"end":{"column":55,"line":192},"start":{"column":47,"line":192}},{"end":{"column":60,"line":192},"start":{"column":58,"line":192}}],"type":"cond-expr"},"15":{"line":204,"loc":{"end":{"column":154,"line":204},"start":{"column":136,"line":204}},"locations":[{"end":{"column":149,"line":204},"start":{"column":147,"line":204}},{"end":{"column":154,"line":204},"start":{"column":152,"line":204}}],"type":"cond-expr"},"16":{"line":214,"loc":{"end":{"column":16,"line":247},"start":{"column":8,"line":214}},"locations":[{"end":{"column":16,"line":214},"start":{"column":8,"line":214}},{"end":{"column":16,"line":247},"start":{"column":36,"line":214}}],"type":"binary-expr"},"17":{"line":292,"loc":{"end":{"column":12,"line":296},"start":{"column":4,"line":292}},"locations":[{"end":{"column":13,"line":292},"start":{"column":4,"line":292}},{"end":{"column":12,"line":296},"start":{"column":33,"line":292}}],"type":"binary-expr"},"18":{"line":297,"loc":{"end":{"column":187,"line":297},"start":{"column":129,"line":297}},"locations":[{"end":{"column":158,"line":297},"start":{"column":139,"line":297}},{"end":{"column":187,"line":297},"start":{"column":161,"line":297}}],"type":"cond-expr"},"19":{"line":328,"loc":{"end":{"column":97,"line":328},"start":{"column":20,"line":328}},"locations":[{"end":{"column":60,"line":328},"start":{"column":20,"line":328}},{"end":{"column":97,"line":328},"start":{"column":64,"line":328}}],"type":"binary-expr"},"20":{"line":329,"loc":{"end":{"column":1,"line":343},"start":{"column":0,"line":329}},"locations":[{"end":{"column":1,"line":343},"start":{"column":0,"line":329}},{"end":{"column":null,"line":null},"start":{"column":null,"line":null}}],"type":"if"},"21":{"line":329,"loc":{"end":{"column":35,"line":329},"start":{"column":4,"line":329}},"locations":[{"end":{"column":19,"line":329},"start":{"column":4,"line":329}},{"end":{"column":35,"line":329},"start":{"column":23,"line":329}}],"type":"binary-expr"},"22":{"line":330,"loc":{"end":{"column":3,"line":334},"start":{"column":2,"line":330}},"locations":[{"end":{"column":3,"line":334},"start":{"column":2,"line":330}},{"end":{"column":null,"line":null},"start":{"column":null,"line":null}}],"type":"if"},"23":{"line":338,"loc":{"end":{"column":31,"line":338},"start":{"column":6,"line":338}},"locations":[{"end":{"column":31,"line":338},"start":{"column":6,"line":338}},{"end":{"column":null,"line":null},"start":{"column":null,"line":null}}],"type":"if"},"24":{"line":340,"loc":{"end":{"column":75,"line":340},"start":{"column":6,"line":340}},"locations":[{"end":{"column":75,"line":340},"start":{"column":6,"line":340}},{"end":{"column":null,"line":null},"start":{"column":null,"line":null}}],"type":"if"}},"f":{"0":0,"1":0,"2":0,"3":0,"4":0,"5":0,"6":0,"7":0,"8":0,"9":0,"10":0,"11":0,"12":1,"13":0,"14":1,"15":1},"fnMap":{"0":{"decl":{"end":{"column":37,"line":18},"start":{"column":24,"line":18}},"line":18,"loc":{"end":{"column":1,"line":320},"start":{"column":52,"line":18}},"name":"VolunteerForm"},"1":{"decl":{"end":{"column":30,"line":20},"start":{"column":29,"line":20}},"line":20,"loc":{"end":{"column":118,"line":20},"start":{"column":36,"line":20}},"name":"(anonymous_1)"},"2":{"decl":{"end":{"column":29,"line":21},"start":{"column":28,"line":21}},"line":21,"loc":{"end":{"column":116,"line":21},"start":{"column":35,"line":21}},"name":"(anonymous_2)"},"3":{"decl":{"end":{"column":22,"line":37},"start":{"column":11,"line":37}},"line":37,"loc":{"end":{"column":3,"line":41},"start":{"column":26,"line":37}},"name":"handlePhone"},"4":{"decl":{"end":{"column":25,"line":42},"start":{"column":11,"line":42}},"line":42,"loc":{"end":{"column":3,"line":48},"start":{"column":29,"line":42}},"name":"handlePassword"},"5":{"decl":{"end":{"column":24,"line":49},"start":{"column":11,"line":49}},"line":49,"loc":{"end":{"column":3,"line":52},"start":{"column":28,"line":49}},"name":"handleConfirm"},"6":{"decl":{"end":{"column":29,"line":53},"start":{"column":17,"line":53}},"line":53,"loc":{"end":{"column":3,"line":101},"start":{"column":32,"line":53}},"name":"handleSubmit"},"7":{"decl":{"end":{"column":97,"line":204},"start":{"column":96,"line":204}},"line":204,"loc":{"end":{"column":124,"line":204},"start":{"column":102,"line":204}},"name":"(anonymous_7)"},"8":{"decl":{"end":{"column":115,"line":204},"start":{"column":114,"line":204}},"line":204,"loc":{"end":{"column":123,"line":204},"start":{"column":121,"line":204}},"name":"(anonymous_8)"},"9":{"decl":{"end":{"column":19,"line":271},"start":{"column":18,"line":271}},"line":271,"loc":{"end":{"column":9,"line":274},"start":{"column":25,"line":271}},"name":"(anonymous_9)"},"10":{"decl":{"end":{"column":80,"line":305},"start":{"column":79,"line":305}},"line":305,"loc":{"end":{"column":100,"line":305},"start":{"column":85,"line":305}},"name":"(anonymous_10)"},"11":{"decl":{"end":{"column":58,"line":321},"start":{"column":57,"line":321}},"line":321,"loc":{"end":{"column":1,"line":323},"start":{"column":68,"line":321}},"name":"(anonymous_11)"},"12":{"decl":{"end":{"column":53,"line":335},"start":{"column":52,"line":335}},"line":335,"loc":{"end":{"column":3,"line":342},"start":{"column":72,"line":335}},"name":"(anonymous_12)"},"13":{"decl":{"end":{"column":28,"line":337},"start":{"column":27,"line":337}},"line":337,"loc":{"end":{"column":5,"line":341},"start":{"column":44,"line":337}},"name":"(anonymous_13)"},"14":{"decl":{"end":{"column":21,"line":344},"start":{"column":9,"line":344}},"line":344,"loc":{"end":{"column":1,"line":346},"start":{"column":32,"line":344}},"name":"$RefreshReg$"},"15":{"decl":{"end":{"column":21,"line":347},"start":{"column":9,"line":347}},"line":347,"loc":{"end":{"column":1,"line":349},"start":{"column":24,"line":347}},"name":"$RefreshSig$"}},"hash":"bdd101cf2fae03a82ab5b31d5928a9cd3ea156ee","inputSourceMap":{"file":"C:/Users/chris/all4all/src/frontend/components/VolunteerForm.jsx","ignoreList":[],"mappings":"AA4GgC,SA+ChB,UA/CgB;;AA5GhC,SAASA,gBAAgB;AACzB,OAAOC,WAAW;AAClB,OAAOC,eAAe;AACtB,SAASC,gBAAgB;AACzB;AAAA,EAASC;AAAAA,EAAwBC;AAAAA,EAC/BC;AAAAA,EAAeC;AAAAA,EACfC;AAAAA,EAAeC;AAAAA,EACfC;AAAAA,EAAaC;AAAAA,OACR;AACP,SAASC,2BAA2B;AAEpC,wBAAwBC,cAAc,EAAEC,SAAS,GAAG;AAAAC,KAAA;AAChD,QAAMC,YAAYb,SAAS,CAACc,MAAO,CAACA,GAAGC,KAAK,IAAI,4BAA4BD,EAAEC,KAAK,EAAEC,SAAS,IAAI,eAAe,MAAO,MAAM,EAAE;AAChI,QAAMC,WAAWjB,SAAS,CAACc,MAAO,CAACA,GAAGC,KAAK,IAAI,2BAA4BD,EAAEC,KAAK,EAAEC,SAAS,IAAI,eAAe,MAAO,MAAM,EAAE;AAC/H,QAAME,WAAWlB,SAASC,wBAAwBC,qBAAqB,yBAAyB;AAChG,QAAMiB,QAAQnB,SAASG,eAAeC,kBAAkB,2BAA2B;AAEnF,QAAM,CAACgB,UAAUC,WAAW,IAAIxB,SAAS,EAAE;AAC3C,QAAM,CAACyB,UAAUC,WAAW,IAAI1B,SAAS,IAAI;AAC7C,QAAM,CAAC2B,UAASC,WAAW,IAAI5B,SAAS,EAAE;AAC1C,QAAM,CAAC6B,SAASC,UAAU,IAAI9B,SAAS,IAAI;AAC3C,QAAM,CAAC+B,SAASC,UAAU,IAAIhC,SAAS,EAAE;AACzC,QAAM,CAACiC,YAAYC,aAAa,IAAIlC,SAAS,IAAI;AACjD,QAAM,CAACmC,KAAKC,MAAM,IAAIpC,SAAS,EAAE;AACjC,QAAM,CAACqC,QAAQC,SAAS,IAAItC,SAAS,IAAI;AACzC,QAAM,CAACuC,UAAUC,WAAW,IAAGxC,SAAS,KAAK;AAC7C,QAAM,CAACyC,SAASC,UAAU,IAAI1C,SAAS,KAAK;AAC5C,QAAM,CAAC2C,SAASC,UAAU,IAAI5C,SAAS,KAAK;AAC5C,QAAM,CAAC6C,WAAUC,YAAY,IAAG9C,SAAS,IAAI;AAE7C,QAAM+C,MAAMnC,oBAAoBe,QAAQ;AAExC,WAASqB,YAAYC,GAAG;AACpB,UAAMC,IAAIzC,YAAYwC,EAAEE,OAAOC,KAAK;AACpC5B,gBAAY0B,CAAC;AACbxB,gBAAYlB,cAAc0C,CAAC,CAAC;AAAA,EAChC;AAEA,WAASG,eAAeJ,GAAG;AACvBrB,gBAAYqB,EAAEE,OAAOC,KAAK;AAC1BtB,eAAWnB,iBAAiBsC,EAAEE,OAAOC,KAAK,CAAC;AAC3C,QAAGrB,SAAQ;AACPG,oBAAce,EAAEE,OAAOC,UAAUrB,UAAU,4BAA4B,IAAI;AAAA,IAC/E;AAAA,EACJ;AAEA,WAASuB,cAAcL,GAAG;AACtBjB,eAAWiB,EAAEE,OAAOC,KAAK;AACzBlB,kBAAcP,aAAasB,EAAEE,OAAOC,QAAQ,4BAA4B,IAAI;AAAA,EAChF;AAEA,iBAAeG,eAAe;AAC1B,UAAMC,SAAS;AAAA,MACXxC,UAAUyC;AAAAA,MAAKrC,SAASqC;AAAAA,MAAKpC,SAASoC;AAAAA,MAAKnC,MAAMmC;AAAAA,MACjDjD,cAAce,QAAQ;AAAA,MAAGZ,iBAAiBgB,QAAQ;AAAA,MAClDA,aAAaI,UAAU,aAAa;AAAA,MACpCrB,YAAYyB,GAAG;AAAA,IAAC,EAClBuB,OAAOC,OAAO;AAEhB,QAAGH,OAAOrC,QAAO;AACb2B,mBAAa,8BAA8B;AAC3C;AAAA,IACJ;AAEA,QAAGzB,SAASuC,YAAYtC,MAAMsC,UAAS;AACnCd,mBAAa,yCAAyC;AACtD;AAAA,IACJ;AAEAJ,eAAW,IAAI;AACfI,iBAAa,IAAI;AAEjB,QAAI;AACA,YAAMe,MAAM,MAAMC,MAAM,0BAA0B;AAAA,QAC9CC,QAAQ;AAAA,QACRC,SAAS;AAAA,UACL,gBAAgB;AAAA,QACpB;AAAA,QACAC,MAAMC,KAAKC,UAAU;AAAA,UACjB9C,UAAUA,SAAS+C;AAAAA,UACnB9C,OAAOA,MAAM8C;AAAAA,UACbzC;AAAAA,UACAX,WAAWA,UAAUoD;AAAAA,UACrBhD,UAAUA,SAASgD;AAAAA,UACnBC,OAAO9C;AAAAA,UACPY;AAAAA,QACJ,CAAC;AAAA,MACL,CAAC;AAED,UAAI,CAAC0B,IAAIS,IAAI;AACT,cAAM,IAAIC,MAAM,oBAAoB;AAAA,MACxC;AAEA,YAAMC,OAAO,MAAMX,IAAIY,KAAK;AAC5BC,cAAQC,IAAI,oBAAoBH,KAAKI,EAAE;AAEvChC,iBAAW,IAAI;AAAA,IAEnB,SAASa,KAAK;AACViB,cAAQG,MAAMpB,GAAG;AACjBX,mBAAa,6CAA6C;AAAA,IAC9D;AAEAJ,eAAW,KAAK;AAAA,EACpB;AAEA,MAAIC,QAAS,QACT,uBAAC,SAAI,WAAU,eAAc;AAAA;AAAA,IACL,uBAAC,YAAQ3B,oBAAUoD,OAAnB;AAAA;AAAA;AAAA;AAAA,WAAuB;AAAA,IAAS;AAAA,IAAC,uBAAC,UAAD;AAAA;AAAA;AAAA;AAAA,WAAG;AAAA,IAC5D,uBAAC,UAAK,gDAAN;AAAA;AAAA;AAAA;AAAA,WAAsC;AAAA,OAFtC;AAAA;AAAA;AAAA;AAAA,SAGA;AAGJ,SACI,uBAAC,SACD;AAAA,2BAAC,OAAE,WAAU,aAAY,2EAAzB;AAAA;AAAA;AAAA;AAAA,WAAoF;AAAA,IAEpF,uBAAC,SAAI,WAAU,WACX;AAAA,6BAAC,SAAM,OAAM,gBAAe,OAAOpD,UAAUyC,KACzC,iCAAC,aAAU,OAAOzC,UAAUoD,KAAK,UAAUpD,UAAU8D,UAAU,aAAY,QAAO,OAAO9D,UAAUyC,OAAnG;AAAA;AAAA;AAAA;AAAA,aAAuG,KAD3G;AAAA;AAAA;AAAA;AAAA,aAEA;AAAA,MAEA,uBAAC,SAAM,OAAM,eAAc,OAAOrC,SAASqC,KACvC,iCAAC,aAAU,OAAOrC,SAASgD,KAAK,UAAUhD,SAAS0D,UAAU,aAAY,OAAM,OAAO1D,SAASqC,OAA/F;AAAA;AAAA;AAAA;AAAA,aAAmG,KADvG;AAAA;AAAA;AAAA;AAAA,aAEA;AAAA,SAPJ;AAAA;AAAA;AAAA;AAAA,WAQA;AAAA,IAEA,uBAAC,SAAM,OAAM,cAAa,OAAOpC,SAASoC,KAAK,UAAUpC,SAASuC,UAAU,MAAK,mCAC7E,iCAAC,aAAU,OAAOvC,SAAS+C,KAAK,UAAU/C,SAASyD,UAAU,aAAY,cAAa,OAAOzD,SAASoC,OAAtG;AAAA;AAAA;AAAA;AAAA,WAA0G,KAD9G;AAAA;AAAA;AAAA;AAAA,WAEA;AAAA,IAEA,uBAAC,SAAM,OAAM,mBAAkB,OAAOnC,MAAMmC,KAAK,UAAUnC,MAAMsC,UAC7D,iCAAC,aAAU,OAAOtC,MAAM8C,KAAK,UAAU9C,MAAMwD,UAAU,aAAY,kBAAiB,MAAK,SAAQ,OAAOxD,MAAMmC,OAA9G;AAAA;AAAA;AAAA;AAAA,WAAkH,KADtH;AAAA;AAAA;AAAA;AAAA,WAEA;AAAA,IAEA,uBAAC,SAAM,OAAM,kBAAiB,OAAOhC,UACjC,iCAAC,aAAU,OAAOF,UAAU,UAAUyB,aAAa,aAAY,kBAAiB,OAAOvB,YAAvF;AAAA;AAAA;AAAA;AAAA,WAAgG,KADpG;AAAA;AAAA;AAAA;AAAA,WAEA;AAAA,IAEA,uBAAC,SAAI,WAAU,WACX;AAAA,6BAAC,SAAM,OAAM,cAAa,OAAOI,SAC7B;AAAA,+BAAC,SAAI,WAAU,iBACX;AAAA;AAAA,YAAC;AAAA;AAAA,cACG,MAAMU,WAAW,SAAS;AAAA,cAC1B,OAAOZ;AAAAA,cACP,UAAU0B;AAAAA,cACV,aAAY;AAAA,cACZ,WAAW,YAAYxB,UAAU,WAAW,EAAE;AAAA,cAC9C,cAAa;AAAA;AAAA,YANjB;AAAA;AAAA;AAAA;AAAA;AAAA;AAAA;AAAA;AAAA,UAM+B;AAAA,UAE/B,uBAAC,YAAO,MAAK,UAAS,WAAU,eAAc,SAAS,MAAMW,YAAY,CAACuC,MAAM,CAACA,CAAC,GAC7ExC,qBAAW,KAAK,MADrB;AAAA;AAAA;AAAA;AAAA,iBAEA;AAAA,aAXJ;AAAA;AAAA;AAAA;AAAA,eAYA;AAAA,QACHZ,YACG,mCACI;AAAA,iCAAC,SAAI,WAAU,oBACX,iCAAC,SAAI,WAAU,qBAAoB,OAAO,EAAEqD,OAAO,GAAGjC,IAAIkC,GAAG,KAAKC,YAAYnC,IAAIoC,MAAM,KAAxF;AAAA;AAAA;AAAA;AAAA,iBAA0F,KAD9F;AAAA;AAAA;AAAA;AAAA,iBAEA;AAAA,UACA,uBAAC,SAAI,WAAU,qBACX;AAAA,mCAAC,UAAK,WAAU,sBAAqB,OAAO,EAAEA,OAAOpC,IAAIoC,MAAM,GAAIpC,cAAIqC,SAAvE;AAAA;AAAA;AAAA;AAAA,mBAA6E;AAAA,YAC7E,uBAAC,UAAK,WAAU,sBAAsBrC;AAAAA,kBAAIsC;AAAAA,cAAM;AAAA,iBAAhD;AAAA;AAAA;AAAA;AAAA,mBAAkD;AAAA,eAFtD;AAAA;AAAA;AAAA;AAAA,iBAGA;AAAA,aAPJ;AAAA;AAAA;AAAA;AAAA,eAQA;AAAA,WAvBJ;AAAA;AAAA;AAAA;AAAA,aAyBA;AAAA,MAEA,uBAAC,SAAM,OAAM,sBAAqB,OAAOpD,YACrC,iCAAC,aAAU,OAAOF,SAAS,UAAUuB,eAAe,aAAY,mBAAkB,MAAK,YAAW,OAAOrB,cAAzG;AAAA;AAAA;AAAA;AAAA,aAAoH,KADxH;AAAA;AAAA;AAAA;AAAA,aAEA;AAAA,SA9BJ;AAAA;AAAA;AAAA;AAAA,WA+BA;AAAA,IAEA,uBAAC,SAAM,OAAM,uBAAsB,OAAOI,QAAQ,MAAK,4CACnD;AAAA,MAAC;AAAA;AAAA,QACG,OAAOF;AAAAA,QACP,UAAU,CAACc,MAAM;AACjBb,iBAAOa,EAAEE,OAAOC,KAAK;AACjBd,oBAAU5B,YAAYuC,EAAEE,OAAOC,KAAK,CAAC;AAAA,QACzC;AAAA,QACA,aAAY;AAAA,QACZ,OAAOf;AAAAA,QACP,WAAU;AAAA;AAAA,MARd;AAAA;AAAA;AAAA;AAAA;AAAA;AAAA;AAAA;AAAA,IAQ8B,KATlC;AAAA;AAAA;AAAA;AAAA,WAWA;AAAA,IAECQ,aAAa,uBAAC,OAAE,WAAU,kBAAkBA,uBAA/B;AAAA;AAAA;AAAA;AAAA,WAAyC;AAAA,IAEvD,uBAAC,YAAO,MAAK,UAAS,WAAU,WAAU,UAAUJ,SAAS,SAASc,cACjEd,oBAAU,sBAAsB,8BADrC;AAAA;AAAA;AAAA;AAAA,WAEA;AAAA,IAEA,uBAAC,SAAI,WAAU,mBAAkB;AAAA;AAAA,MACA;AAAA,MAC7B,uBAAC,YAAO,WAAU,kBAAiB,SAAS,MAAM3B,SAAS,KAAK,GAAG,4BAAnE;AAAA;AAAA;AAAA;AAAA,aAA+E;AAAA,SAFnF;AAAA;AAAA;AAAA;AAAA,WAGA;AAAA,OAhFA;AAAA;AAAA;AAAA;AAAA,SAiFJ;AAEJ;AAACC,GA1LuBF,eAAa;AAAA,UACfV,UACDA,UACAA,UACHA,QAAQ;AAAA;AAAA,KAJFU;AAAa,IAAAyE;AAAA,aAAAA,IAAA","names":["useState","Field","TextInput","useAsync","validateUsernameFormat","isUsernameAvailable","validateEmail","isEmailAvailable","validatePhone","formatPhone","validateZip","validatePassword","getPasswordStrength","VolunteerForm","onSwitch","_s","firstName","v","trim","length","lastName","username","email","phoneRaw","setPhoneRaw","phoneErr","setPhoneErr","password","setPassword","passErr","setPassErr","confirm","setConfirm","confirmErr","setConfirmErr","zip","setZip","zipErr","setZipErr","showPass","setShowPass","loading","setLoading","success","setSuccess","submitErr","setSubmitErr","str","handlePhone","e","f","target","value","handlePassword","handleConfirm","handleSubmit","errors","err","filter","Boolean","checking","res","fetch","method","headers","body","JSON","stringify","val","phone","ok","Error","data","json","console","log","id","error","onChange","s","width","pct","background","color","label","score","_c"],"sources":["C:/Users/chris/all4all/src/frontend/components/VolunteerForm.jsx"],"version":3},"path":"C:/Users/chris/all4all/src/frontend/components/VolunteerForm.jsx","s":{"0":1,"1":0,"2":0,"3":0,"4":0,"5":0,"6":0,"7":0,"8":0,"9":0,"10":0,"11":0,"12":0,"13":0,"14":0,"15":0,"16":0,"17":0,"18":0,"19":0,"20":0,"21":0,"22":0,"23":0,"24":0,"25":0,"26":0,"27":0,"28":0,"29":0,"30":0,"31":0,"32":0,"33":0,"34":0,"35":0,"36":0,"37":0,"38":0,"39":0,"40":0,"41":0,"42":0,"43":0,"44":0,"45":0,"46":0,"47":0,"48":0,"49":0,"50":0,"51":0,"52":0,"53":0,"54":0,"55":0,"56":0,"57":1,"58":0,"59":1,"60":1,"61":1,"62":1,"63":1,"64":0,"65":1,"66":1,"67":1,"68":0,"69":0,"70":0,"71":0,"72":0,"73":1,"74":1},"statementMap":{"0":{"end":{"column":23,"line":2},"start":{"column":9,"line":2}},"1":{"end":{"column":7,"line":19},"start":{"column":2,"line":19}},"2":{"end":{"column":129,"line":20},"start":{"column":20,"line":20}},"3":{"end":{"column":118,"line":20},"start":{"column":36,"line":20}},"4":{"end":{"column":127,"line":21},"start":{"column":19,"line":21}},"5":{"end":{"column":116,"line":21},"start":{"column":35,"line":21}},"6":{"end":{"column":99,"line":22},"start":{"column":19,"line":22}},"7":{"end":{"column":86,"line":23},"start":{"column":16,"line":23}},"8":{"end":{"column":46,"line":24},"start":{"column":34,"line":24}},"9":{"end":{"column":48,"line":25},"start":{"column":34,"line":25}},"10":{"end":{"column":46,"line":26},"start":{"column":34,"line":26}},"11":{"end":{"column":46,"line":27},"start":{"column":32,"line":27}},"12":{"end":{"column":44,"line":28},"start":{"column":32,"line":28}},"13":{"end":{"column":52,"line":29},"start":{"column":38,"line":29}},"14":{"end":{"column":36,"line":30},"start":{"column":24,"line":30}},"15":{"end":{"column":44,"line":31},"start":{"column":30,"line":31}},"16":{"end":{"column":49,"line":32},"start":{"column":34,"line":32}},"17":{"end":{"column":47,"line":33},"start":{"column":32,"line":33}},"18":{"end":{"column":47,"line":34},"start":{"column":32,"line":34}},"19":{"end":{"column":50,"line":35},"start":{"column":36,"line":35}},"20":{"end":{"column":43,"line":36},"start":{"column":14,"line":36}},"21":{"end":{"column":41,"line":38},"start":{"column":14,"line":38}},"22":{"end":{"column":19,"line":39},"start":{"column":4,"line":39}},"23":{"end":{"column":34,"line":40},"start":{"column":4,"line":40}},"24":{"end":{"column":32,"line":43},"start":{"column":4,"line":43}},"25":{"end":{"column":49,"line":44},"start":{"column":4,"line":44}},"26":{"end":{"column":5,"line":47},"start":{"column":4,"line":45}},"27":{"end":{"column":83,"line":46},"start":{"column":6,"line":46}},"28":{"end":{"column":31,"line":50},"start":{"column":4,"line":50}},"29":{"end":{"column":82,"line":51},"start":{"column":4,"line":51}},"30":{"end":{"column":21,"line":63},"start":{"column":19,"line":54}},"31":{"end":{"column":5,"line":67},"start":{"column":4,"line":64}},"32":{"end":{"column":51,"line":65},"start":{"column":6,"line":65}},"33":{"end":{"column":13,"line":66},"start":{"column":6,"line":66}},"34":{"end":{"column":5,"line":71},"start":{"column":4,"line":68}},"35":{"end":{"column":62,"line":69},"start":{"column":6,"line":69}},"36":{"end":{"column":13,"line":70},"start":{"column":6,"line":70}},"37":{"end":{"column":21,"line":72},"start":{"column":4,"line":72}},"38":{"end":{"column":23,"line":73},"start":{"column":4,"line":73}},"39":{"end":{"column":5,"line":99},"start":{"column":4,"line":74}},"40":{"end":{"column":8,"line":89},"start":{"column":18,"line":75}},"41":{"end":{"column":7,"line":92},"start":{"column":6,"line":90}},"42":{"end":{"column":46,"line":91},"start":{"column":8,"line":91}},"43":{"end":{"column":35,"line":93},"start":{"column":19,"line":93}},"44":{"end":{"column":47,"line":94},"start":{"column":6,"line":94}},"45":{"end":{"column":23,"line":95},"start":{"column":6,"line":95}},"46":{"end":{"column":25,"line":97},"start":{"column":6,"line":97}},"47":{"end":{"column":66,"line":98},"start":{"column":6,"line":98}},"48":{"end":{"column":22,"line":100},"start":{"column":4,"line":100}},"49":{"end":{"column":11,"line":124},"start":{"column":2,"line":102}},"50":{"end":{"column":11,"line":124},"start":{"column":15,"line":102}},"51":{"end":{"column":11,"line":319},"start":{"column":2,"line":125}},"52":{"end":{"column":124,"line":204},"start":{"column":102,"line":204}},"53":{"end":{"column":123,"line":204},"start":{"column":12
[...]
rt":{"column":2,"line":322}},"59":{"end":{"column":19,"line":324},"start":{"column":0,"line":324}},"60":{"end":{"column":34,"line":326},"start":{"column":0,"line":326}},"61":{"end":{"column":97,"line":328},"start":{"column":20,"line":328}},"62":{"end":{"column":1,"line":343},"start":{"column":0,"line":329}},"63":{"end":{"column":3,"line":334},"start":{"column":2,"line":330}},"64":{"end":{"column":6,"line":333},"start":{"column":4,"line":331}},"65":{"end":{"column":5,"line":342},"start":{"column":2,"line":335}},"66":{"end":{"column":134,"line":336},"start":{"column":4,"line":336}},"67":{"end":{"column":7,"line":341},"start":{"column":4,"line":337}},"68":{"end":{"column":31,"line":338},"start":{"column":6,"line":338}},"69":{"end":{"column":31,"line":338},"start":{"column":24,"line":338}},"70":{"end":{"column":183,"line":339},"start":{"column":32,"line":339}},"71":{"end":{"column":75,"line":340},"start":{"column":6,"line":340}},"72":{"end":{"column":75,"line":340},"start":{"column":29,"line":340}},"73":{"end":{"column":113,"line":345},"start":{"column":2,"line":345}},"74":{"end":{"column":62,"line":348},"start":{"column":2,"line":348}}}},"C:/Users/chris/all4all/src/frontend/components/shared/Field.jsx":{"_coverageSchema":"1a1c01bbd47fc00a2c39e90264f33305004495a9","b":{"0":[264,0],"1":[264,264,18],"2":[264,246,246,52],"3":[1,0],"4":[1,0],"5":[1,1],"6":[0,1],"7":[0,0],"8":[0,0]},"branchMap":{"0":{"line":10,"loc":{"end":{"column":12,"line":14},"start":{"column":4,"line":10}},"locations":[{"end":{"column":12,"line":10},"start":{"column":4,"line":10}},{"end":{"column":12,"line":14},"start":{"column":32,"line":10}}],"type":"binary-expr"},"1":{"line":15,"loc":{"end":{"column":12,"line":19},"start":{"column":4,"line":15}},"locations":[{"end":{"column":13,"line":15},"start":{"column":4,"line":15}},{"end":{"column":22,"line":15},"start":{"column":17,"line":15}},{"end":{"column":12,"line":19},"start":{"column":42,"line":15}}],"type":"binary-expr"},"2":{"line":20,"loc":{"end":{"column":12,"line":24},"start":{"column":4,"line":20}},"locations":[{"end":{"column":10,"line":20},"start":{"column":4,"line":20}},{"end":{"column":23,"line":20},"start":{"column":14,"line":20}},{"end":{"column":31,"line":20},"start":{"column":27,"line":20}},{"end":{"column":12,"line":24},"start":{"column":51,"line":20}}],"type":"binary-expr"},"3":{"line":35,"loc":{"end":{"column":97,"line":35},"start":{"column":20,"line":35}},"locations":[{"end":{"column":60,"line":35},"start":{"column":20,"line":35}},{"end":{"column":97,"line":35},"start":{"column":64,"line":35}}],"type":"binary-expr"},"4":{"line":36,"loc":{"end":{"column":1,"line":50},"start":{"column":0,"line":36}},"locations":[{"end":{"column":1,"line":50},"start":{"column":0,"line":36}},{"end":{"column":null,"line":null},"start":{"column":null,"line":null}}],"type":"if"},"5":{"line":36,"loc":{"end":{"column":35,"line":36},"start":{"column":4,"line":36}},"locations":[{"end":{"column":19,"line":36},"start":{"column":4,"line":36}},{"end":{"column":35,"line":36},"start":{"column":23,"line":36}}],"type":"binary-expr"},"6":{"line":37,"loc":{"end":{"column":3,"line":41},"start":{"column":2,"line":37}},"locations":[{"end":{"column":3,"line":41},"start":{"column":2,"line":37}},{"end":{"column":null,"line":null},"start":{"column":null,"line":null}}],"type":"if"},"7":{"line":45,"loc":{"end":{"column":31,"line":45},"start":{"column":6,"line":45}},"locations":[{"end":{"column":31,"line":45},"start":{"column":6,"line":45}},{"end":{"column":null,"line":null},"start":{"column":null,"line":null}}],"type":"if"},"8":{"line":47,"loc":{"end":{"column":75,"line":47},"start":{"column":6,"line":47}},"locations":[{"end":{"column":75,"line":47},"start":{"column":6,"line":47}},{"end":{"column":null,"line":null},"start":{"column":null,"line":null}}],"type":"if"}},"f":{"0":264,"1":1,"2":0,"3":1,"4":0},"fnMap":{"0":{"decl":{"end":{"column":29,"line":2},"start":{"column":24,"line":2}},"line":2,"loc":{"end":{"column":1,"line":30},"start":{"column":74,"line":2}},"name":"Field"},"1":{"decl":{"end":{"column":53,"line":42},"start":{"column":52,"line":42}},"line":42,"loc":{"end":{"column":3,"line":49},"start":{"column":72,"line":42}},"name":"(anonymous_1)"},"2":{"decl":{"end":{"column":28,"line":44},"start":{"column":27,"line":44}},"line":44,"loc":{"end":{"column":5,"line":48},"start":{"column":44,"line":44}},"name":"(anonymous_2)"},"3":{"decl":{"end":{"column":21,"line":51},"start":{"column":9,"line":51}},"line":51,"loc":{"end":{"column":1,"line":53},"start":{"column":32,"line":51}},"name":"$RefreshReg$"},"4":{"decl":{"end":{"column":21,"line":54},"start":{"column":9,"line":54}},"line":54,"loc":{"end":{"column":1,"line":56},"start":{"column":24,"line":54}},"name":"$RefreshSig$"}},"hash":"2e35e372a20e52b247ab2bc61c4ca1427a89f277","inputSourceMap":{"file":"C:/Users/chris/all4all/src/frontend/components/shared/Field.jsx","ignoreList":[],"mappings":"AAGM;AAHN,wBAAwBA,MAAM,EAAEC,OAAOC,OAAOC,UAAUC,MAAMC,SAAS,GAAG;AACxE,SACE,uBAAC,SAAI,WAAU,aACb;AAAA,2BAAC,WAAM,WAAU,aAAaJ,mBAA9B;AAAA;AAAA;AAAA;AAAA,WAAoC;AAAA,IAEnCI;AAAAA,IACAF,YAAY,uBAAC,OAAE,WAAU,gBAAe,yBAA5B;AAAA;AAAA;AAAA;AAAA,WAAqC;AAAA,IACjD,CAACA,YAAYD,SAAS,uBAAC,OAAE,WAAU,WAAWA,mBAAxB;AAAA;AAAA;AAAA;AAAA,WAA8B;AAAA,IACpD,CAACA,SAAS,CAACC,YAAYC,QAAQ,uBAAC,OAAE,WAAU,YAAYA,kBAAzB;AAAA;AAAA;AAAA;AAAA,WAA8B;AAAA,OANhE;AAAA;AAAA;AAAA;AAAA,SAOA;AAEJ;AAACE,KAXuBN;AAAK,IAAAM;AAAA,aAAAA,IAAA","names":["Field","label","error","checking","hint","children","_c"],"sources":["C:/Users/chris/all4all/src/frontend/components/shared/Field.jsx"],"version":3},"path":"C:/Users/chris/all4all/src/frontend/components/shared/Field.jsx","s":{"0":264,"1":1,"2":1,"3":1,"4":1,"5":1,"6":0,"7":1,"8":1,"9":1,"10":0,"11":0,"12":0,"13":0,"14":0,"15":1,"16":0},"statementMap":{"0":{"end":{"column":11,"line":29},"start":{"column":2,"line":3}},"1":{"end":{"column":11,"line":31},"start":{"column":0,"line":31}},"2":{"end":{"column":26,"line":33},"start":{"column":0,"line":33}},"3":{"end":{"column":97,"line":35},"start":{"column":20,"line":35}},"4":{"end":{"column":1,"line":50},"start":{"column":0,"line":36}},"5":{"end":{"column":3,"line":41},"start":{"column":2,"line":37}},"6":{"end":{"column":6,"line":40},"start":{"column":4,"line":38}},"7":{"end":{"column":5,"line":49},"start":{"column":2,"line":42}},"8":{"end":{"column":133,"line":43},"start":{"column":4,"line":43}},"9":{"end":{"column":7,"line":48},"start":{"column":4,"line":44}},"10":{"end":{"column":31,"line":45},"start":{"column":6,"line":45}},"11":{"end":{"column":31,"line":45},"start":{"column":24,"line":45}},"12":{"end":{"column":182,"line":46},"start":{"column":32,"line":46}},"13":{"end":{"column":75,"line":47},"start":{"column":6,"line":47}},"14":{"end":{"column":75,"line":47},"start":{"column":29,"line":47}},"15":{"end":{"column":112,"line":52},"start":{"column":2,"line":52}},"16":{"end":{"column":62,"line":55},"start":{"column":2,"line":55}}}},"C:/Users/chris/all4all/src/frontend/components/shared/TextInput.jsx":{"_coverageSchema":"1a1c01bbd47fc00a2c39e90264f33305004495a9","b":{"0":[132],"1":[184],"2":[18,166],"3":[0,184],"4":[1,0],"5":[1,0],"6":[1,1],"7":[0,1],"8":[0,0],"9":[0,0]},"branchMap":{"0":{"line":2,"loc":{"end":{"column":79,"line":2},"start":{"column":66,"line":2}},"locations":[{"end":{"column":79,"line":2},"start":{"column":73,"line":2}}],"type":"default-arg"},"1":{"line":2,"loc":{"end":{"column":102,"line":2},"start":{"column":88,"line":2}},"locations":[{"end":{"column":102,"line":2},"start":{"column":100,"line":2}}],"type":"default-arg"},"2":{"line":10,"loc":{"end":{"column":50,"line":10},"start":{"column":29,"line":10}},"locations":[{"end":{"column":45,"line":10},"start":{"column":37,"line":10}},{"end":{"column":50,"line":10},"start":{"column":48,"line":10}}],"type":"cond-expr"},"3":{"line":10,"loc":{"end":{"column":85,"line":10},"start":{"column":53,"line":10}},"locations":[{"end":{"column":80,"line":10},"start":{"column":65,"line":10}},{"end":{"column":85,"line":10},"start":{"column":83,"line":10}}],"type":"cond-expr"},"4":{"line":27,"loc":{"end":{"column":97,"line":27},"start":{"column":20,"line":27}},"locations":[{"end":{"column":60,"line":27},"start":{"column":20,"line":27}},{"end":{"column":97,"line":27},"start":{"column":64,"line":27}}],"type":"binary-expr"},"5":{"line":28,"loc":{"end":{"column":1,"line":42},"start":{"column":0,"line":28}},"locations":[{"end":{"column":1,"line":42},"start":{"column":0,"line":28}},{"end":{"column":null,"line":null},"start":{"column":null,"line":null}}],"type":"if"},"6":{"line":28,"loc":{"end":{"column":35,"line":28},"start":{"column":4,"line":28}},"locations":[{"end":{"column":19,"line":28},"start":{"column":4,"line":28}},{"end":{"column":35,"line":28},"start":{"column":23,"line":28}}],"type":"binary-expr"},"7":{"line":29,"loc":{"end":{"column":3,"line":33},"start":{"column":2,"line":29}},"locations":[{"end":{"column":3,"line":33},"start":{"column":2,"line":29}},{"end":{"column":null,"line":null},"start":{"column":null,"line":null}}],"type":"if"},"8":{"line":37,"loc":{"end":{"column":31,"line":37},"start":{"column":6,"line":37}},"locations":[{"end":{"column":31,"line":37},"start":{"column":6,"line":37}},{"end":{"column":null,"line":null},"start":{"column":null,"line":null}}],"type":"if"},"9":{"line":39,"loc":{"end":{"column":75,"line":39},"start":{"column":6,"line":39}},"locations":[{"end":{"column":75,"line":39},"start":{"column":6,"line":39}},{"end":{"column":null,"line":null},"start":{"column":null,"line":null}}],"type":"if"}},"f":{"0":184,"1":1,"2":0,"3":1,"4":0},"fnMap":{"0":{"decl":{"end":{"column":33,"line":2},"start":{"column":24,"line":2}},"line":2,"loc":{"end":{"column":1,"line":22},"start":{"column":106,"line":2}},"name":"TextInput"},"1":{"decl":{"end":{"column":53,"line":34},"start":{"column":52,"line":34}},"line":34,"loc":{"end":{"column":3,"line":41},"start":{"column":72,"line":34}},"name":"(anonymous_1)"},"2":{"decl":{"end":{"column":28,"line":36},"start":{"column":27,"line":36}},"line":36,"loc":{"end":{"column":5,"line":40},"start":{"column":44,"line":36}},"name":"(anonymous_2)"},"3":{"decl":{"end":{"column":21,"line":43},"start":{"column":9,"line":43}},"line":43,"loc":{"end":{"column":1,"line":45},"start":{"column":32,"line":43}},"name":"$RefreshReg$"},"4":{"decl":{"end":{"column":21,"line":46},"start":{"column":9,"line":46}},"line":46,"loc":{"end":{"column":1,"line":48},"start":{"column":24,"line":46}},"name":"$RefreshSig$"}},"hash":"46bc6048985af69afb58f6bc90cba2d8d22b24bb","inputSourceMap":{"file":"C:/Users/chris/all4all/src/frontend/components/shared/TextInput.jsx","ignoreList":[],"mappings":"AAEI;AAFJ,wBAAwBA,UAAU,EAAEC,OAAOC,UAAUC,aAAaC,OAAO,QAAQC,OAAOC,YAAY,GAAG,GAAG;AACxG,SACE;AAAA,IAAC;AAAA;AAAA,MACC;AAAA,MACA;AAAA,MACA;AAAA,MACA;AAAA,MACA,WAAW,YAAYD,QAAQ,WAAW,EAAE,GAAGC,YAAY,MAAMA,YAAY,EAAE;AAAA,MAC/E,cAAa;AAAA;AAAA,IANf;AAAA;AAAA;AAAA;AAAA;AAAA;AAAA;AAAA;AAAA,EAMoB;AAGxB;AAACC,KAXuBP;AAAS,IAAAO;AAAA,aAAAA,IAAA","names":["TextInput","value","onChange","placeholder","type","error","className","_c"],"sources":["C:/Users/chris/all4all/src/frontend/components/shared/TextInput.jsx"],"version":3},"path":"C:/Users/chris/all4all/src/frontend/components/shared/TextInput.jsx","s":{"0":184,"1":1,"2":1,"3":1,"4":1,"5":1,"6":0,"7":1,"8":1,"9":1,"10":0,"11":0,"12":0,"13":0,"14":0,"15":1,"16":0},"statementMap":{"0":{"end":{"column":4,"line":21},"start":{"column":2,"line":3}},"1":{"end":{"column":15,"line":23},"start":{"column":0,"line":23}},"2":{"end":{"column":30,"line":25},"start":{"column":0,"line":25}},"3":{"end":{"column":97,"line":27},"start":{"column":20,"line":27}},"4":{"end":{"column":1,"line":42},"start":{"column":0,"line":28}},"5":{"end":{"column":3,"line":33},"start":{"column":2,"line":29}},"6":{"end":{"column":6,"line":32},"start":{"column":4,"line":30}},"7":{"end":{"column":5,"line":41},"start":{"column":2,"line":34}},"8":{"end":{"column":137,"line":35},"start":{"column":4,"line":35}},"9":{"end":{"column":7,"line":40},"start":{"column":4,"line":36}},"10":{"end":{"column":31,"line":37},"start":{"column":6,"line":37}},"11":{"end":{"column":31,"line":37},"start":{"column":24,"line":37}},"12":{"end":{"column":186,"line":38},"start":{"column":32,"line":38}},"13":{"end":{"column":75,"line":39},"start":{"column":6,"line":39}},"14":{"end":{"column":75,"line":39},"start":{"column":29,"line":39}},"15":{"end":{"column":116,"line":44},"start":{"column":2,"line":44}},"16":{"end":{"column":62,"line":47},"start":{"column":2,"line":47}}}},"C:/Users/chris/all4all/src/frontend/login_page.jsx":{"_coverageSchema":"1a1c01bbd47fc00a2c39e90264f33305004495a9","b":{"0":[4,8],"1":[4,2],"2":[4,0],"3":[4,2],"4":[1,0],"5":[1,0],"6":[1,1],"7":[0,1],"8":[0,0],"9":[0,0]},"branchMap":{"0":{"line":37,"loc":{"end":{"column":60,"line":37},"start":{"column":31,"line":37}},"locations":[{"end":{"column":55,"line":37},"start":{"column":46,"line":37}},{"end":{"column":60,"line":37},"start":{"column":58,"line":37}}],"type":"cond-expr"},"1":{"line":56,"loc":{"end":{"column":14,"line":60},"start":{"column":6,"line":56}},"locations":[{"end":{"column":22,"line":56},"start":{"column":6,"line":56}},{"end":{"column":14,"line":60},"start":{"column":42,"line":56}}],"type":"binary-expr"},"2":{"line":61,"loc":{"end":{"column":14,"line":65},"start":{"column":6,"line":61}},"locations":[{"end":{"column":25,"line":61},"start":{"column":6,"line":61}},{"end":{"column":14,"line":65},"start":{"column":45,"line":61}}],"type":"binary-expr"},"3":{"line":66,"loc":{"end":{"column":14,"line":70},"start":{"column":6,"line":66}},"locations":[{"end":{"column":19,"line":66},"start":{"column":6,"line":66}},{"end":{"column":14,"line":70},"start":{"column":39,"line":66}}],"type":"binary-expr"},"4":{"line":91,"loc":{"end":{"column":97,"line":91},"start":{"column":20,"line":91}},"locations":[{"end":{"column":60,"line":91},"start":{"column":20,"line":91}},{"end":{"column":97,"line":91},"start":{"column":64,"line":91}}],"type":"binary-expr"},"5":{"line":92,"loc":{"end":{"column":1,"line":106},"start":{"column":0,"line":92}},"locations":[{"end":{"column":1,"line":106},"start":{"column":0,"line":92}},{"end":{"column":null,"line":null},"start":{"column":null,"line":null}}],"type":"if"},"6":{"line":92,"loc":{"end":{"column":35,"line":92},"start":{"column":4,"line":92}},"locations":[{"end":{"column":19,"line":92},"start":{"column":4,"line":92}},{"end":{"column":35,"line":92},"start":{"column":23,"line":92}}],"type":"binary-expr"},"7":{"line":93,"loc":{"end":{"column":3,"line":97},"start":{"column":2,"line":93}},"locations":[{"end":{"column":3,"line":97},"start":{"column":2,"line":93}},{"end":{"column":null,"line":null},"start":{"column":null,"line":null}}],"type":"if"},"8":{"line":101,"loc":{"end":{"column":31,"line":101},"start":{"column":6,"line":101}},"locations":[{"end":{"column":31,"line":101},"start":{"column":6,"line":101}},{"end":{"column":null,"line":null},"start":{"column":null,"line":null}}],"type":"if"},"9":{"line":103,"loc":{"end":{"column":75,"line":103},"start":{"column":6,"line":103}},"locations":[{"end":{"column":75,"line":103},"start":{"column":6,"line":103}},{"end":{"column":null,"line":null},"start":{"column":null,"line":null}}],"type":"if"}},"f":{"0":4,"1":12,"2":1,"3":1,"4":0,"5":1,"6":1},"fnMap":{"0":{"decl":{"end":{"column":27,"line":8},"start":{"column":24,"line":8}},"line":8,"loc":{"end":{"column":1,"line":85},"start":{"column":30,"line":8}},"name":"App"},"1":{"decl":{"end":{"column":7,"line":34},"start":{"column":6,"line":34}},"line":34,"loc":{"end":{"column":7,"line":49},"start":{"column":29,"line":34}},"name":"(anonymous_1)"},"2":{"decl":{"end":{"column":20,"line":38},"start":{"column":19,"line":38}},"line":38,"loc":{"end":{"column":37,"line":38},"start":{"column":25,"line":38}},"name":"(anonymous_2)"},"3":{"decl":{"end":{"column":53,"line":98},"start":{"column":52,"line":98}},"line":98,"loc":{"end":{"column":3,"line":105},"start":{"column":72,"line":98}},"name":"(anonymous_3)"},"4":{"decl":{"end":{"column":28,"line":100},"start":{"column":27,"line":100}},"line":100,"loc":{"end":{"column":5,"line":104},"start":{"column":44,"line":100}},"name":"(anonymous_4)"},"5":{"decl":{"end":{"column":21,"line":107},"start":{"column":9,"line":107}},"line":107,"loc":{"end":{"column":1,"line":109},"start":{"column":32,"line":107}},"name":"$RefreshReg$"},"6":{"decl":{"end":{"column":21,"line":110},"start":{"column":9,"line":110}},"line":110,"loc":{"end":{"column":1,"line":112},"start":{"column":24,"line":110}},"name":"$RefreshSig$"}},"hash":"ee755212d4028808368d8422df79b15b5efd3332","inputSourceMap":{"file":"C:/Users/chris/all4all/src/frontend/login_page.jsx","ignoreList":[],"mappings":"AAsBU;;AAtBV,SAASA,gBAAgB;AACzB,OAAO;AAEP,OAAOC,YAAY;AACnB,OAAOC,mBAAmB;AAC1B,OAAOC,aAAa;AAEpB,wBAAwBC,MAAM;AAAAC,KAAA;AAC5B,QAAM,CAACC,KAAKC,MAAM,IAAIP,SAAS,QAAQ;AAEvC,QAAMQ,YAAY;AAAA,IAChB,EAAEC,IAAI,UAAaC,OAAO,UAAU;AAAA,IACpC,EAAED,IAAI,aAAaC,OAAO,oBAAoB;AAAA,IAC9C,EAAED,IAAI,OAAaC,OAAO,eAAe;AAAA,EAAC;AAG5C,SACE,uBAAC,SAAI,WAAU,YACb,iCAAC,SAAI,WAAU,YAGb;AAAA,2BAAC,SAAI,WAAU,cACb;AAAA,6BAAC,SAAI,WAAU,YAAW,uBAA1B;AAAA;AAAA;AAAA;AAAA,aAAiC;AAAA,MACjC,uBAAC,SAAI,WAAU,eAAc,6EAA7B;AAAA;AAAA;AAAA;AAAA,aAA0F;AAAA,SAF5F;AAAA;AAAA;AAAA;AAAA,WAGA;AAAA,IAEA,uBAAC,SAAI,WAAU,YACZF,oBAAUG;AAAAA,MAAI,CAACC,MACd;AAAA,QAAC;AAAA;AAAA,UAEC,WAAW,UAAUN,QAAQM,EAAEH,KAAK,YAAY,EAAE;AAAA,UAClD,SAAS,MAAMF,OAAOK,EAAEH,EAAE;AAAA,UAEzBG,YAAEF;AAAAA;AAAAA,QAJEE,EAAEH;AAAAA,QADT;AAAA;AAAA;AAAA;AAAA;AAAA;AAAA;AAAA,MAMA;AAAA,IACD,KATH;AAAA;AAAA;AAAA;AAAA,WAUA;AAAA,IAGA,uBAAC,SAAI,WAAU,YACZH;AAAAA,cAAQ,YAAe,uBAAC,UAAc,UAAUC,UAAzB;AAAA;AAAA;AAAA;AAAA,aAAgC;AAAA,MACvDD,QAAQ,eAAe,uBAAC,iBAAc,UAAUC,UAAzB;AAAA;AAAA;AAAA;AAAA,aAAgC;AAAA,MACvDD,QAAQ,SAAe,uBAAC,WAAc,UAAUC,UAAzB;AAAA;AAAA;AAAA;AAAA,aAAgC;AAAA,SAH1D;AAAA;AAAA;AAAA;AAAA,WAIA;AAAA,OAzBF;AAAA;AAAA;AAAA;AAAA,SA2BA,KA5BF;AAAA;AAAA;AAAA;AAAA,SA6BA;AAEJ;AAACF,GAzCuBD,KAAG;AAAA,KAAHA;AAAG,IAAAS;AAAA,aAAAA,IAAA","names":["useState","SignIn","VolunteerForm","OrgForm","App","_s","tab","setTab","tabConfig","id","label","map","t","_c"],"sources":["C:/Users/chris/all4all/src/frontend/login_page.jsx"],"version":3},"path":"C:/Users/chris/all4all/src/frontend/login_page.jsx","s":{"0":1,"1":4,"2":4,"3":4,"4":4,"5":12,"6":1,"7":1,"8":1,"9":1,"10":1,"11":1,"12":1,"13":0,"14":1,"15":1,"16":1,"17":0,"18":0,"19":0,"20":0,"21":0,"22":1,"23":1},"statementMap":{"0":{"end":{"column":23,"line":2},"start":{"column":9,"line":2}},"1":{"end":{"column":7,"line":9},"start":{"column":2,"line":9}},"2":{"end":{"column":42,"line":10},"start":{"column":24,"line":10}},"3":{"end":{"column":3,"line":15},"start":{"column":20,"line":11}},"4":{"end":{"column":11,"line":84},"start":{"column":2,"line":16}},"5":{"end":{"column":7,"line":49},"start":{"column":29,"line":34}},"6":{"end":{"column":37,"line":38},"start":{"column":25,"line":38}},"7":{"end":{"column":40,"line":86},"start":{"column":0,"line":86}},"8":{"end":{"column":9,"line":87},"start":{"column":0,"line":87}},"9":{"end":{"column":24,"line":89},"start":{"column":0,"line":89}},"10":{"end":{"column":97,"line":91},"start":{"column":20,"line":91}},"11":{"end":{"column":1,"line":106},"start":{"column":0,"line":92}},"12":{"end":{"column":3,"line":97},"start":{"column":2,"line":93}},"13":{"end":{"column":6,"line":96},"start":{"column":4,"line":94}},"14":{"end":{"column":5,"line":105},"start":{"column":2,"line":98}},"15":{"end":{"column":120,"line":99},"start":{"column":4,"line":99}},"16":{"end":{"column":7,"line":104},"start":{"column":4,"line":100}},"17":{"end":{"column":31,"line":101},"start":{"column":6,"line":101}},"18":{"end":{"column":31,"line":101},"start":{"column":24,"line":101}},"19":{"end":{"column":169,"line":102},"start":{"column":32,"line":102}},"20":{"end":{"column":75,"line":103},"start":{"column":6,"line":103}},"21":{"end":{"column":75,"line":103},"start":{"column":29,"line":103}},"22":{"end":{"column":99,"line":108},"start":{"column":2,"line":108}},"23":{"end":{"column":62,"line":111},"start":{"column":2,"line":111}}}}}